::1 - - [19/Nov/2020:00:52:32 +0000] "GET /api/getAllData HTTP/1.1" 200 733 "-" "PostmanRuntime/7.26.8"
::1 - - [19/Nov/2020:00:54:42 +0000] "POST /api/addNewData HTTP/1.1" 200 28 "-" "PostmanRuntime/7.26.8"
::1 - - [19/Nov/2020:00:58:31 +0000] "POST /api/addNewData HTTP/1.1" 200 48 "-" "PostmanRuntime/7.26.8"
::1 - - [19/Nov/2020:01:01:13 +0000] "PUT /api/updateData HTTP/1.1" 200 24 "-" "PostmanRuntime/7.26.8"
::1 - - [19/Nov/2020:01:01:46 +0000] "PUT /api/updateData HTTP/1.1" 500 47 "-" "PostmanRuntime/7.26.8"
::1 - - [19/Nov/2020:01:03:22 +0000] "PUT /api/updateData HTTP/1.1" 200 24 "-" "PostmanRuntime/7.26.8"
::1 - - [19/Nov/2020:01:06:54 +0000] "PUT /api/updateData HTTP/1.1" 200 24 "-" "PostmanRuntime/7.26.8"
::1 - - [19/Nov/2020:01:07:28 +0000] "GET /api/getAllData HTTP/1.1" 200 834 "-" "PostmanRuntime/7.26.8"
::1 - - [19/Nov/2020:01:09:30 +0000] "DELETE /api/deleteData HTTP/1.1" 404 156 "-" "PostmanRuntime/7.26.8"
::1 - - [19/Nov/2020:01:10:55 +0000] "DELETE /api/deleteData HTTP/1.1" 404 156 "-" "PostmanRuntime/7.26.8"
::1 - - [19/Nov/2020:01:14:12 +0000] "DELETE /api/deleteData HTTP/1.1" 404 156 "-" "PostmanRuntime/7.26.8"
::1 - - [19/Nov/2020:01:15:56 +0000] "DELETE /api/deleteData HTTP/1.1" 200 48 "-" "PostmanRuntime/7.26.8"
::1 - - [19/Nov/2020:01:16:06 +0000] "GET /api/getAllData HTTP/1.1" 200 732 "-" "PostmanRuntime/7.26.8"
::1 - - [19/Nov/2020:01:16:34 +0000] "PUT /api/updateData HTTP/1.1" 200 24 "-" "PostmanRuntime/7.26.8"
::1 - - [19/Nov/2020:01:16:37 +0000] "PUT /api/updateData HTTP/1.1" 200 24 "-" "PostmanRuntime/7.26.8"
::1 - - [19/Nov/2020:01:16:37 +0000] "PUT /api/updateData HTTP/1.1" 200 24 "-" "PostmanRuntime/7.26.8"
::1 - - [19/Nov/2020:01:16:38 +0000] "PUT /api/updateData HTTP/1.1" 200 24 "-" "PostmanRuntime/7.26.8"
::1 - - [19/Nov/2020:01:16:39 +0000] "PUT /api/updateData HTTP/1.1" 200 24 "-" "PostmanRuntime/7.26.8"
::1 - - [19/Nov/2020:01:16:39 +0000] "PUT /api/updateData HTTP/1.1" 200 24 "-" "PostmanRuntime/7.26.8"
::1 - - [19/Nov/2020:01:16:40 +0000] "PUT /api/updateData HTTP/1.1" 200 24 "-" "PostmanRuntime/7.26.8"
::1 - - [19/Nov/2020:01:16:41 +0000] "PUT /api/updateData HTTP/1.1" 200 24 "-" "PostmanRuntime/7.26.8"
::1 - - [19/Nov/2020:01:16:41 +0000] "PUT /api/updateData HTTP/1.1" 200 24 "-" "PostmanRuntime/7.26.8"
::1 - - [19/Nov/2020:01:16:42 +0000] "PUT /api/updateData HTTP/1.1" 200 24 "-" "PostmanRuntime/7.26.8"
::1 - - [19/Nov/2020:01:16:43 +0000] "PUT /api/updateData HTTP/1.1" 200 24 "-" "PostmanRuntime/7.26.8"
::1 - - [19/Nov/2020:01:16:47 +0000] "DELETE /api/deleteData HTTP/1.1" 200 48 "-" "PostmanRuntime/7.26.8"
::1 - - [19/Nov/2020:01:16:48 +0000] "DELETE /api/deleteData HTTP/1.1" 200 48 "-" "PostmanRuntime/7.26.8"
::1 - - [19/Nov/2020:01:20:03 +0000] "PUT /api/updateData HTTP/1.1" 200 24 "-" "PostmanRuntime/7.26.8"
::1 - - [19/Nov/2020:01:21:57 +0000] "PUT /api/updateData HTTP/1.1" 200 24 "-" "PostmanRuntime/7.26.8"
::1 - - [19/Nov/2020:01:21:59 +0000] "PUT /api/updateData HTTP/1.1" 200 24 "-" "PostmanRuntime/7.26.8"
::1 - - [19/Nov/2020:01:22:00 +0000] "PUT /api/updateData HTTP/1.1" 200 24 "-" "PostmanRuntime/7.26.8"
::1 - - [19/Nov/2020:01:22:01 +0000] "PUT /api/updateData HTTP/1.1" 200 24 "-" "PostmanRuntime/7.26.8"
::1 - - [19/Nov/2020:01:22:01 +0000] "PUT /api/updateData HTTP/1.1" 200 24 "-" "PostmanRuntime/7.26.8"
::1 - - [19/Nov/2020:01:22:02 +0000] "PUT /api/updateData HTTP/1.1" 200 24 "-" "PostmanRuntime/7.26.8"
::1 - - [19/Nov/2020:01:22:03 +0000] "PUT /api/updateData HTTP/1.1" 200 24 "-" "PostmanRuntime/7.26.8"
::1 - - [19/Nov/2020:01:22:04 +0000] "PUT /api/updateData HTTP/1.1" 200 24 "-" "PostmanRuntime/7.26.8"
::1 - - [19/Nov/2020:01:22:04 +0000] "PUT /api/updateData HTTP/1.1" 200 24 "-" "PostmanRuntime/7.26.8"
::1 - - [19/Nov/2020:01:22:05 +0000] "PUT /api/updateData HTTP/1.1" 200 24 "-" "PostmanRuntime/7.26.8"
::1 - - [19/Nov/2020:01:22:06 +0000] "PUT /api/updateData HTTP/1.1" 200 24 "-" "PostmanRuntime/7.26.8"
::1 - - [19/Nov/2020:01:22:06 +0000] "PUT /api/updateData HTTP/1.1" 200 24 "-" "PostmanRuntime/7.26.8"
::1 - - [19/Nov/2020:01:22:07 +0000] "PUT /api/updateData HTTP/1.1" 200 24 "-" "PostmanRuntime/7.26.8"
::1 - - [19/Nov/2020:01:25:06 +0000] "PUT /api/updateData HTTP/1.1" 200 24 "-" "PostmanRuntime/7.26.8"
::1 - - [19/Nov/2020:01:28:21 +0000] "PUT /api/updateData HTTP/1.1" 200 24 "-" "PostmanRuntime/7.26.8"
::1 - - [19/Nov/2020:01:28:22 +0000] "PUT /api/updateData HTTP/1.1" 200 24 "-" "PostmanRuntime/7.26.8"
::1 - - [19/Nov/2020:01:29:03 +0000] "PUT /api/updateData HTTP/1.1" 200 48 "-" "PostmanRuntime/7.26.8"
::1 - - [19/Nov/2020:01:30:29 +0000] "GET /api/getAllData HTTP/1.1" 200 733 "-" "PostmanRuntime/7.26.8"
::1 - - [19/Nov/2020:01:32:30 +0000] "POST /api/addNewData HTTP/1.1" 200 48 "-" "PostmanRuntime/7.26.8"
::1 - - [19/Nov/2020:01:32:34 +0000] "GET /api/getAllData HTTP/1.1" 200 832 "-" "PostmanRuntime/7.26.8"
::1 - - [19/Nov/2020:01:33:43 +0000] "DELETE /api/deleteData HTTP/1.1" 200 48 "-" "PostmanRuntime/7.26.8"
::1 - - [19/Nov/2020:01:33:47 +0000] "GET /api/getAllData HTTP/1.1" 200 733 "-" "PostmanRuntime/7.26.8"
::1 - - [19/Nov/2020:03:13:32 +0000] "GET /frm_signUp.html HTTP/1.1" 404 154 "-" "Mozilla/5.0 (Windows NT 10.0; Win64; x64) AppleWebKit/537.36 (KHTML, like Gecko) Chrome/86.0.4240.198 Safari/537.36"
::1 - - [19/Nov/2020:03:14:56 +0000] "GET /css/frm_signUp.css HTTP/1.1" 404 157 "http://localhost:3000/frm_signUp.html" "Mozilla/5.0 (Windows NT 10.0; Win64; x64) AppleWebKit/537.36 (KHTML, like Gecko) Chrome/86.0.4240.198 Safari/537.36"
::1 - - [19/Nov/2020:03:14:56 +0000] "GET /js/register.js HTTP/1.1" 404 155 "http://localhost:3000/frm_signUp.html" "Mozilla/5.0 (Windows NT 10.0; Win64; x64) AppleWebKit/537.36 (KHTML, like Gecko) Chrome/86.0.4240.198 Safari/537.36"
::1 - - [19/Nov/2020:03:14:56 +0000] "GET /img/signUp/bg_img.png HTTP/1.1" 404 160 "http://localhost:3000/frm_signUp.html" "Mozilla/5.0 (Windows NT 10.0; Win64; x64) AppleWebKit/537.36 (KHTML, like Gecko) Chrome/86.0.4240.198 Safari/537.36"
::1 - - [19/Nov/2020:03:14:56 +0000] "GET /img/signUp/sideForm_img.png HTTP/1.1" 404 166 "http://localhost:3000/frm_signUp.html" "Mozilla/5.0 (Windows NT 10.0; Win64; x64) AppleWebKit/537.36 (KHTML, like Gecko) Chrome/86.0.4240.198 Safari/537.36"
::1 - - [19/Nov/2020:03:14:56 +0000] "GET /img/signUp/Logo.png HTTP/1.1" 404 158 "http://localhost:3000/frm_signUp.html" "Mozilla/5.0 (Windows NT 10.0; Win64; x64) AppleWebKit/537.36 (KHTML, like Gecko) Chrome/86.0.4240.198 Safari/537.36"
::1 - - [19/Nov/2020:03:14:57 +0000] "GET /js/register.js HTTP/1.1" 404 155 "http://localhost:3000/frm_signUp.html" "Mozilla/5.0 (Windows NT 10.0; Win64; x64) AppleWebKit/537.36 (KHTML, like Gecko) Chrome/86.0.4240.198 Safari/537.36"
::1 - - [19/Nov/2020:03:14:57 +0000] "GET /favicon.ico HTTP/1.1" 404 150 "http://localhost:3000/frm_signUp.html" "Mozilla/5.0 (Windows NT 10.0; Win64; x64) AppleWebKit/537.36 (KHTML, like Gecko) Chrome/86.0.4240.198 Safari/537.36"
::1 - - [19/Nov/2020:03:15:23 +0000] "GET /css/frm_signUp.css HTTP/1.1" 404 157 "http://localhost:3000/frm_signUp.html" "Mozilla/5.0 (Windows NT 10.0; Win64; x64) AppleWebKit/537.36 (KHTML, like Gecko) Chrome/86.0.4240.198 Safari/537.36"
::1 - - [19/Nov/2020:03:15:23 +0000] "GET /js/register.js HTTP/1.1" 404 155 "http://localhost:3000/frm_signUp.html" "Mozilla/5.0 (Windows NT 10.0; Win64; x64) AppleWebKit/537.36 (KHTML, like Gecko) Chrome/86.0.4240.198 Safari/537.36"
::1 - - [19/Nov/2020:03:15:23 +0000] "GET /img/signUp/bg_img.png HTTP/1.1" 404 160 "http://localhost:3000/frm_signUp.html" "Mozilla/5.0 (Windows NT 10.0; Win64; x64) AppleWebKit/537.36 (KHTML, like Gecko) Chrome/86.0.4240.198 Safari/537.36"
::1 - - [19/Nov/2020:03:15:23 +0000] "GET /img/signUp/sideForm_img.png HTTP/1.1" 404 166 "http://localhost:3000/frm_signUp.html" "Mozilla/5.0 (Windows NT 10.0; Win64; x64) AppleWebKit/537.36 (KHTML, like Gecko) Chrome/86.0.4240.198 Safari/537.36"
::1 - - [19/Nov/2020:03:15:23 +0000] "GET /js/register.js HTTP/1.1" 404 155 "http://localhost:3000/frm_signUp.html" "Mozilla/5.0 (Windows NT 10.0; Win64; x64) AppleWebKit/537.36 (KHTML, like Gecko) Chrome/86.0.4240.198 Safari/537.36"
::1 - - [19/Nov/2020:03:15:23 +0000] "GET /img/signUp/Logo.png HTTP/1.1" 404 158 "http://localhost:3000/frm_signUp.html" "Mozilla/5.0 (Windows NT 10.0; Win64; x64) AppleWebKit/537.36 (KHTML, like Gecko) Chrome/86.0.4240.198 Safari/537.36"
::1 - - [19/Nov/2020:03:15:26 +0000] "GET /css/frm_signUp.css HTTP/1.1" 404 157 "http://localhost:3000/frm_signUp.html" "Mozilla/5.0 (Windows NT 10.0; Win64; x64) AppleWebKit/537.36 (KHTML, like Gecko) Chrome/86.0.4240.198 Safari/537.36"
::1 - - [19/Nov/2020:03:15:26 +0000] "GET /js/register.js HTTP/1.1" 404 155 "http://localhost:3000/frm_signUp.html" "Mozilla/5.0 (Windows NT 10.0; Win64; x64) AppleWebKit/537.36 (KHTML, like Gecko) Chrome/86.0.4240.198 Safari/537.36"
::1 - - [19/Nov/2020:03:15:26 +0000] "GET /img/signUp/bg_img.png HTTP/1.1" 404 160 "http://localhost:3000/frm_signUp.html" "Mozilla/5.0 (Windows NT 10.0; Win64; x64) AppleWebKit/537.36 (KHTML, like Gecko) Chrome/86.0.4240.198 Safari/537.36"
::1 - - [19/Nov/2020:03:15:26 +0000] "GET /img/signUp/sideForm_img.png HTTP/1.1" 404 166 "http://localhost:3000/frm_signUp.html" "Mozilla/5.0 (Windows NT 10.0; Win64; x64) AppleWebKit/537.36 (KHTML, like Gecko) Chrome/86.0.4240.198 Safari/537.36"
::1 - - [19/Nov/2020:03:15:26 +0000] "GET /js/register.js HTTP/1.1" 404 155 "http://localhost:3000/frm_signUp.html" "Mozilla/5.0 (Windows NT 10.0; Win64; x64) AppleWebKit/537.36 (KHTML, like Gecko) Chrome/86.0.4240.198 Safari/537.36"
::1 - - [19/Nov/2020:03:15:26 +0000] "GET /img/signUp/Logo.png HTTP/1.1" 404 158 "http://localhost:3000/frm_signUp.html" "Mozilla/5.0 (Windows NT 10.0; Win64; x64) AppleWebKit/537.36 (KHTML, like Gecko) Chrome/86.0.4240.198 Safari/537.36"
::1 - - [19/Nov/2020:03:16:02 +0000] "GET /css/frm_signUp.css HTTP/1.1" 404 157 "http://localhost:3000/frm_signUp.html" "Mozilla/5.0 (Windows NT 10.0; Win64; x64) AppleWebKit/537.36 (KHTML, like Gecko) Chrome/86.0.4240.198 Safari/537.36"
::1 - - [19/Nov/2020:03:16:02 +0000] "GET /js/register.js HTTP/1.1" 404 155 "http://localhost:3000/frm_signUp.html" "Mozilla/5.0 (Windows NT 10.0; Win64; x64) AppleWebKit/537.36 (KHTML, like Gecko) Chrome/86.0.4240.198 Safari/537.36"
::1 - - [19/Nov/2020:03:16:02 +0000] "GET /img/signUp/bg_img.png HTTP/1.1" 404 160 "http://localhost:3000/frm_signUp.html" "Mozilla/5.0 (Windows NT 10.0; Win64; x64) AppleWebKit/537.36 (KHTML, like Gecko) Chrome/86.0.4240.198 Safari/537.36"
::1 - - [19/Nov/2020:03:16:02 +0000] "GET /img/signUp/sideForm_img.png HTTP/1.1" 404 166 "http://localhost:3000/frm_signUp.html" "Mozilla/5.0 (Windows NT 10.0; Win64; x64) AppleWebKit/537.36 (KHTML, like Gecko) Chrome/86.0.4240.198 Safari/537.36"
::1 - - [19/Nov/2020:03:16:02 +0000] "GET /js/register.js HTTP/1.1" 404 155 "http://localhost:3000/frm_signUp.html" "Mozilla/5.0 (Windows NT 10.0; Win64; x64) AppleWebKit/537.36 (KHTML, like Gecko) Chrome/86.0.4240.198 Safari/537.36"
::1 - - [19/Nov/2020:03:16:02 +0000] "GET /img/signUp/Logo.png HTTP/1.1" 404 158 "http://localhost:3000/frm_signUp.html" "Mozilla/5.0 (Windows NT 10.0; Win64; x64) AppleWebKit/537.36 (KHTML, like Gecko) Chrome/86.0.4240.198 Safari/537.36"
::1 - - [19/Nov/2020:03:16:04 +0000] "GET /css/frm_signUp.css HTTP/1.1" 404 157 "http://localhost:3000/frm_signUp.html" "Mozilla/5.0 (Windows NT 10.0; Win64; x64) AppleWebKit/537.36 (KHTML, like Gecko) Chrome/86.0.4240.198 Safari/537.36"
::1 - - [19/Nov/2020:03:16:04 +0000] "GET /js/register.js HTTP/1.1" 404 155 "http://localhost:3000/frm_signUp.html" "Mozilla/5.0 (Windows NT 10.0; Win64; x64) AppleWebKit/537.36 (KHTML, like Gecko) Chrome/86.0.4240.198 Safari/537.36"
::1 - - [19/Nov/2020:03:16:04 +0000] "GET /img/signUp/bg_img.png HTTP/1.1" 404 160 "http://localhost:3000/frm_signUp.html" "Mozilla/5.0 (Windows NT 10.0; Win64; x64) AppleWebKit/537.36 (KHTML, like Gecko) Chrome/86.0.4240.198 Safari/537.36"
::1 - - [19/Nov/2020:03:16:04 +0000] "GET /img/signUp/sideForm_img.png HTTP/1.1" 404 166 "http://localhost:3000/frm_signUp.html" "Mozilla/5.0 (Windows NT 10.0; Win64; x64) AppleWebKit/537.36 (KHTML, like Gecko) Chrome/86.0.4240.198 Safari/537.36"
::1 - - [19/Nov/2020:03:16:04 +0000] "GET /js/register.js HTTP/1.1" 404 155 "http://localhost:3000/frm_signUp.html" "Mozilla/5.0 (Windows NT 10.0; Win64; x64) AppleWebKit/537.36 (KHTML, like Gecko) Chrome/86.0.4240.198 Safari/537.36"
::1 - - [19/Nov/2020:03:16:04 +0000] "GET /img/signUp/Logo.png HTTP/1.1" 404 158 "http://localhost:3000/frm_signUp.html" "Mozilla/5.0 (Windows NT 10.0; Win64; x64) AppleWebKit/537.36 (KHTML, like Gecko) Chrome/86.0.4240.198 Safari/537.36"
::1 - - [19/Nov/2020:03:18:30 +0000] "GET /public/css/frm_signUp.css HTTP/1.1" 404 164 "http://localhost:3000/frm_signUp.html" "Mozilla/5.0 (Windows NT 10.0; Win64; x64) AppleWebKit/537.36 (KHTML, like Gecko) Chrome/86.0.4240.198 Safari/537.36"
::1 - - [19/Nov/2020:03:18:30 +0000] "GET /public/js/register.js HTTP/1.1" 404 162 "http://localhost:3000/frm_signUp.html" "Mozilla/5.0 (Windows NT 10.0; Win64; x64) AppleWebKit/537.36 (KHTML, like Gecko) Chrome/86.0.4240.198 Safari/537.36"
::1 - - [19/Nov/2020:03:18:30 +0000] "GET /public/img/signUp/bg_img.png HTTP/1.1" 404 167 "http://localhost:3000/frm_signUp.html" "Mozilla/5.0 (Windows NT 10.0; Win64; x64) AppleWebKit/537.36 (KHTML, like Gecko) Chrome/86.0.4240.198 Safari/537.36"
::1 - - [19/Nov/2020:03:18:30 +0000] "GET /public/img/signUp/sideForm_img.png HTTP/1.1" 404 173 "http://localhost:3000/frm_signUp.html" "Mozilla/5.0 (Windows NT 10.0; Win64; x64) AppleWebKit/537.36 (KHTML, like Gecko) Chrome/86.0.4240.198 Safari/537.36"
::1 - - [19/Nov/2020:03:18:30 +0000] "GET /public/js/register.js HTTP/1.1" 404 162 "http://localhost:3000/frm_signUp.html" "Mozilla/5.0 (Windows NT 10.0; Win64; x64) AppleWebKit/537.36 (KHTML, like Gecko) Chrome/86.0.4240.198 Safari/537.36"
::1 - - [19/Nov/2020:03:18:30 +0000] "GET /public/img/signUp/Logo.png HTTP/1.1" 404 165 "http://localhost:3000/frm_signUp.html" "Mozilla/5.0 (Windows NT 10.0; Win64; x64) AppleWebKit/537.36 (KHTML, like Gecko) Chrome/86.0.4240.198 Safari/537.36"
::1 - - [19/Nov/2020:03:19:14 +0000] "GET /public/css/frm_signUp.css HTTP/1.1" 404 164 "http://localhost:3000/frm_signUp.html" "Mozilla/5.0 (Windows NT 10.0; Win64; x64) AppleWebKit/537.36 (KHTML, like Gecko) Chrome/86.0.4240.198 Safari/537.36"
::1 - - [19/Nov/2020:03:19:14 +0000] "GET /public/js/register.js HTTP/1.1" 404 162 "http://localhost:3000/frm_signUp.html" "Mozilla/5.0 (Windows NT 10.0; Win64; x64) AppleWebKit/537.36 (KHTML, like Gecko) Chrome/86.0.4240.198 Safari/537.36"
::1 - - [19/Nov/2020:03:19:14 +0000] "GET /public/img/signUp/bg_img.png HTTP/1.1" 404 167 "http://localhost:3000/frm_signUp.html" "Mozilla/5.0 (Windows NT 10.0; Win64; x64) AppleWebKit/537.36 (KHTML, like Gecko) Chrome/86.0.4240.198 Safari/537.36"
::1 - - [19/Nov/2020:03:19:14 +0000] "GET /public/img/signUp/sideForm_img.png HTTP/1.1" 404 173 "http://localhost:3000/frm_signUp.html" "Mozilla/5.0 (Windows NT 10.0; Win64; x64) AppleWebKit/537.36 (KHTML, like Gecko) Chrome/86.0.4240.198 Safari/537.36"
::1 - - [19/Nov/2020:03:19:14 +0000] "GET /public/js/register.js HTTP/1.1" 404 162 "http://localhost:3000/frm_signUp.html" "Mozilla/5.0 (Windows NT 10.0; Win64; x64) AppleWebKit/537.36 (KHTML, like Gecko) Chrome/86.0.4240.198 Safari/537.36"
::1 - - [19/Nov/2020:03:19:14 +0000] "GET /public/img/signUp/Logo.png HTTP/1.1" 404 165 "http://localhost:3000/frm_signUp.html" "Mozilla/5.0 (Windows NT 10.0; Win64; x64) AppleWebKit/537.36 (KHTML, like Gecko) Chrome/86.0.4240.198 Safari/537.36"
::1 - - [19/Nov/2020:03:19:22 +0000] "GET /public/css/frm_signUp.css HTTP/1.1" 404 164 "http://localhost:3000/frm_signUp.html" "Mozilla/5.0 (Windows NT 10.0; Win64; x64) AppleWebKit/537.36 (KHTML, like Gecko) Chrome/86.0.4240.198 Safari/537.36"
::1 - - [19/Nov/2020:03:19:22 +0000] "GET /public/js/register.js HTTP/1.1" 404 162 "http://localhost:3000/frm_signUp.html" "Mozilla/5.0 (Windows NT 10.0; Win64; x64) AppleWebKit/537.36 (KHTML, like Gecko) Chrome/86.0.4240.198 Safari/537.36"
::1 - - [19/Nov/2020:03:19:22 +0000] "GET /public/img/signUp/bg_img.png HTTP/1.1" 404 167 "http://localhost:3000/frm_signUp.html" "Mozilla/5.0 (Windows NT 10.0; Win64; x64) AppleWebKit/537.36 (KHTML, like Gecko) Chrome/86.0.4240.198 Safari/537.36"
::1 - - [19/Nov/2020:03:19:22 +0000] "GET /public/img/signUp/sideForm_img.png HTTP/1.1" 404 173 "http://localhost:3000/frm_signUp.html" "Mozilla/5.0 (Windows NT 10.0; Win64; x64) AppleWebKit/537.36 (KHTML, like Gecko) Chrome/86.0.4240.198 Safari/537.36"
::1 - - [19/Nov/2020:03:19:22 +0000] "GET /public/js/register.js HTTP/1.1" 404 162 "http://localhost:3000/frm_signUp.html" "Mozilla/5.0 (Windows NT 10.0; Win64; x64) AppleWebKit/537.36 (KHTML, like Gecko) Chrome/86.0.4240.198 Safari/537.36"
::1 - - [19/Nov/2020:03:19:22 +0000] "GET /public/img/signUp/Logo.png HTTP/1.1" 404 165 "http://localhost:3000/frm_signUp.html" "Mozilla/5.0 (Windows NT 10.0; Win64; x64) AppleWebKit/537.36 (KHTML, like Gecko) Chrome/86.0.4240.198 Safari/537.36"
::1 - - [19/Nov/2020:03:23:11 +0000] "GET /public/css/frm_signUp.css HTTP/1.1" 404 164 "http://localhost:3000/frm_signUp.html" "Mozilla/5.0 (Windows NT 10.0; Win64; x64) AppleWebKit/537.36 (KHTML, like Gecko) Chrome/86.0.4240.198 Safari/537.36"
::1 - - [19/Nov/2020:03:23:11 +0000] "GET /public/js/register.js HTTP/1.1" 404 162 "http://localhost:3000/frm_signUp.html" "Mozilla/5.0 (Windows NT 10.0; Win64; x64) AppleWebKit/537.36 (KHTML, like Gecko) Chrome/86.0.4240.198 Safari/537.36"
::1 - - [19/Nov/2020:03:23:11 +0000] "GET /public/img/signUp/bg_img.png HTTP/1.1" 404 167 "http://localhost:3000/frm_signUp.html" "Mozilla/5.0 (Windows NT 10.0; Win64; x64) AppleWebKit/537.36 (KHTML, like Gecko) Chrome/86.0.4240.198 Safari/537.36"
::1 - - [19/Nov/2020:03:23:11 +0000] "GET /public/img/signUp/sideForm_img.png HTTP/1.1" 404 173 "http://localhost:3000/frm_signUp.html" "Mozilla/5.0 (Windows NT 10.0; Win64; x64) AppleWebKit/537.36 (KHTML, like Gecko) Chrome/86.0.4240.198 Safari/537.36"
::1 - - [19/Nov/2020:03:23:11 +0000] "GET /public/js/register.js HTTP/1.1" 404 162 "http://localhost:3000/frm_signUp.html" "Mozilla/5.0 (Windows NT 10.0; Win64; x64) AppleWebKit/537.36 (KHTML, like Gecko) Chrome/86.0.4240.198 Safari/537.36"
::1 - - [19/Nov/2020:03:23:11 +0000] "GET /public/img/signUp/Logo.png HTTP/1.1" 404 165 "http://localhost:3000/frm_signUp.html" "Mozilla/5.0 (Windows NT 10.0; Win64; x64) AppleWebKit/537.36 (KHTML, like Gecko) Chrome/86.0.4240.198 Safari/537.36"
::1 - - [19/Nov/2020:03:23:13 +0000] "GET /frm_signUp.html HTTP/1.1" 404 154 "-" "Mozilla/5.0 (Windows NT 10.0; Win64; x64) AppleWebKit/537.36 (KHTML, like Gecko) Chrome/86.0.4240.198 Safari/537.36"
::1 - - [19/Nov/2020:03:23:17 +0000] "GET /frm_signUp.html HTTP/1.1" 404 154 "-" "Mozilla/5.0 (Windows NT 10.0; Win64; x64) AppleWebKit/537.36 (KHTML, like Gecko) Chrome/86.0.4240.198 Safari/537.36"
::1 - - [19/Nov/2020:03:23:17 +0000] "GET /frm_signUp.html HTTP/1.1" 404 154 "-" "Mozilla/5.0 (Windows NT 10.0; Win64; x64) AppleWebKit/537.36 (KHTML, like Gecko) Chrome/86.0.4240.198 Safari/537.36"
::1 - - [19/Nov/2020:03:23:53 +0000] "GET /frm_signUp.html HTTP/1.1" 404 154 "-" "Mozilla/5.0 (Windows NT 10.0; Win64; x64) AppleWebKit/537.36 (KHTML, like Gecko) Chrome/86.0.4240.198 Safari/537.36"
::1 - - [19/Nov/2020:03:23:54 +0000] "GET /frm_signUp.html HTTP/1.1" 404 154 "-" "Mozilla/5.0 (Windows NT 10.0; Win64; x64) AppleWebKit/537.36 (KHTML, like Gecko) Chrome/86.0.4240.198 Safari/537.36"
::1 - - [19/Nov/2020:03:23:55 +0000] "GET /frm_signUp.html HTTP/1.1" 404 154 "-" "Mozilla/5.0 (Windows NT 10.0; Win64; x64) AppleWebKit/537.36 (KHTML, like Gecko) Chrome/86.0.4240.198 Safari/537.36"
::1 - - [19/Nov/2020:03:23:55 +0000] "GET /frm_signUp.html HTTP/1.1" 404 154 "-" "Mozilla/5.0 (Windows NT 10.0; Win64; x64) AppleWebKit/537.36 (KHTML, like Gecko) Chrome/86.0.4240.198 Safari/537.36"
::1 - - [19/Nov/2020:03:24:03 +0000] "GET /frm_signUp.html HTTP/1.1" 404 154 "-" "Mozilla/5.0 (Windows NT 10.0; Win64; x64) AppleWebKit/537.36 (KHTML, like Gecko) Chrome/86.0.4240.198 Safari/537.36"
::1 - - [19/Nov/2020:03:24:05 +0000] "GET /frm_signUp.html HTTP/1.1" 404 154 "-" "Mozilla/5.0 (Windows NT 10.0; Win64; x64) AppleWebKit/537.36 (KHTML, like Gecko) Chrome/86.0.4240.198 Safari/537.36"
::1 - - [19/Nov/2020:03:24:05 +0000] "GET /frm_signUp.html HTTP/1.1" 404 154 "-" "Mozilla/5.0 (Windows NT 10.0; Win64; x64) AppleWebKit/537.36 (KHTML, like Gecko) Chrome/86.0.4240.198 Safari/537.36"
::1 - - [19/Nov/2020:03:24:06 +0000] "GET /frm_signUp.html HTTP/1.1" 404 154 "-" "Mozilla/5.0 (Windows NT 10.0; Win64; x64) AppleWebKit/537.36 (KHTML, like Gecko) Chrome/86.0.4240.198 Safari/537.36"
::1 - - [19/Nov/2020:03:24:08 +0000] "GET /frm_signUp.html HTTP/1.1" 404 154 "-" "Mozilla/5.0 (Windows NT 10.0; Win64; x64) AppleWebKit/537.36 (KHTML, like Gecko) Chrome/86.0.4240.198 Safari/537.36"
::1 - - [19/Nov/2020:03:24:10 +0000] "GET /frm_signUp.html HTTP/1.1" 404 154 "-" "Mozilla/5.0 (Windows NT 10.0; Win64; x64) AppleWebKit/537.36 (KHTML, like Gecko) Chrome/86.0.4240.198 Safari/537.36"
::1 - - [19/Nov/2020:03:24:14 +0000] "GET /frm_signUp.html HTTP/1.1" 404 154 "-" "Mozilla/5.0 (Windows NT 10.0; Win64; x64) AppleWebKit/537.36 (KHTML, like Gecko) Chrome/86.0.4240.198 Safari/537.36"
::1 - - [19/Nov/2020:03:24:37 +0000] "GET /frm_signUp.html HTTP/1.1" 404 154 "-" "Mozilla/5.0 (Windows NT 10.0; Win64; x64) AppleWebKit/537.36 (KHTML, like Gecko) Chrome/86.0.4240.198 Safari/537.36"
::1 - - [19/Nov/2020:03:24:37 +0000] "GET /frm_signUp.html HTTP/1.1" 404 154 "-" "Mozilla/5.0 (Windows NT 10.0; Win64; x64) AppleWebKit/537.36 (KHTML, like Gecko) Chrome/86.0.4240.198 Safari/537.36"
::1 - - [19/Nov/2020:03:24:43 +0000] "GET /frm_signUp.html HTTP/1.1" 404 154 "-" "Mozilla/5.0 (Windows NT 10.0; Win64; x64) AppleWebKit/537.36 (KHTML, like Gecko) Chrome/86.0.4240.198 Safari/537.36"
::1 - - [19/Nov/2020:03:24:44 +0000] "GET /frm_signUp.html HTTP/1.1" 404 154 "-" "Mozilla/5.0 (Windows NT 10.0; Win64; x64) AppleWebKit/537.36 (KHTML, like Gecko) Chrome/86.0.4240.198 Safari/537.36"
::1 - - [19/Nov/2020:03:24:45 +0000] "GET /frm_signUp.html HTTP/1.1" 404 154 "-" "Mozilla/5.0 (Windows NT 10.0; Win64; x64) AppleWebKit/537.36 (KHTML, like Gecko) Chrome/86.0.4240.198 Safari/537.36"
::1 - - [19/Nov/2020:03:24:45 +0000] "GET /frm_signUp.html HTTP/1.1" 404 154 "-" "Mozilla/5.0 (Windows NT 10.0; Win64; x64) AppleWebKit/537.36 (KHTML, like Gecko) Chrome/86.0.4240.198 Safari/537.36"
::1 - - [19/Nov/2020:03:24:45 +0000] "GET /frm_signUp.html HTTP/1.1" 404 154 "-" "Mozilla/5.0 (Windows NT 10.0; Win64; x64) AppleWebKit/537.36 (KHTML, like Gecko) Chrome/86.0.4240.198 Safari/537.36"
::1 - - [19/Nov/2020:03:24:45 +0000] "GET /frm_signUp.html HTTP/1.1" 404 154 "-" "Mozilla/5.0 (Windows NT 10.0; Win64; x64) AppleWebKit/537.36 (KHTML, like Gecko) Chrome/86.0.4240.198 Safari/537.36"
::1 - - [19/Nov/2020:03:24:46 +0000] "GET /frm_signUp.html HTTP/1.1" 404 154 "-" "Mozilla/5.0 (Windows NT 10.0; Win64; x64) AppleWebKit/537.36 (KHTML, like Gecko) Chrome/86.0.4240.198 Safari/537.36"
::1 - - [19/Nov/2020:03:24:46 +0000] "GET /frm_signUp.html HTTP/1.1" 404 154 "-" "Mozilla/5.0 (Windows NT 10.0; Win64; x64) AppleWebKit/537.36 (KHTML, like Gecko) Chrome/86.0.4240.198 Safari/537.36"
::1 - - [19/Nov/2020:03:24:46 +0000] "GET /frm_signUp.html HTTP/1.1" 404 154 "-" "Mozilla/5.0 (Windows NT 10.0; Win64; x64) AppleWebKit/537.36 (KHTML, like Gecko) Chrome/86.0.4240.198 Safari/537.36"
::1 - - [19/Nov/2020:03:24:46 +0000] "GET /frm_signUp.html HTTP/1.1" 404 154 "-" "Mozilla/5.0 (Windows NT 10.0; Win64; x64) AppleWebKit/537.36 (KHTML, like Gecko) Chrome/86.0.4240.198 Safari/537.36"
::1 - - [19/Nov/2020:03:24:46 +0000] "GET /frm_signUp.html HTTP/1.1" 404 154 "-" "Mozilla/5.0 (Windows NT 10.0; Win64; x64) AppleWebKit/537.36 (KHTML, like Gecko) Chrome/86.0.4240.198 Safari/537.36"
::1 - - [19/Nov/2020:03:24:46 +0000] "GET /frm_signUp.html HTTP/1.1" 404 154 "-" "Mozilla/5.0 (Windows NT 10.0; Win64; x64) AppleWebKit/537.36 (KHTML, like Gecko) Chrome/86.0.4240.198 Safari/537.36"
::1 - - [19/Nov/2020:03:24:47 +0000] "GET /frm_signUp.html HTTP/1.1" 404 154 "-" "Mozilla/5.0 (Windows NT 10.0; Win64; x64) AppleWebKit/537.36 (KHTML, like Gecko) Chrome/86.0.4240.198 Safari/537.36"
::1 - - [19/Nov/2020:03:24:47 +0000] "GET /frm_signUp.html HTTP/1.1" 404 154 "-" "Mozilla/5.0 (Windows NT 10.0; Win64; x64) AppleWebKit/537.36 (KHTML, like Gecko) Chrome/86.0.4240.198 Safari/537.36"
::1 - - [19/Nov/2020:03:24:47 +0000] "GET /frm_signUp.html HTTP/1.1" 404 154 "-" "Mozilla/5.0 (Windows NT 10.0; Win64; x64) AppleWebKit/537.36 (KHTML, like Gecko) Chrome/86.0.4240.198 Safari/537.36"
::1 - - [19/Nov/2020:03:25:02 +0000] "GET /frm_signUp.html HTTP/1.1" 404 154 "-" "Mozilla/5.0 (Windows NT 10.0; Win64; x64) AppleWebKit/537.36 (KHTML, like Gecko) Chrome/86.0.4240.198 Safari/537.36"
::1 - - [19/Nov/2020:03:25:02 +0000] "GET /frm_signUp.html HTTP/1.1" 404 154 "-" "Mozilla/5.0 (Windows NT 10.0; Win64; x64) AppleWebKit/537.36 (KHTML, like Gecko) Chrome/86.0.4240.198 Safari/537.36"
::1 - - [19/Nov/2020:03:25:03 +0000] "GET /frm_signUp.html HTTP/1.1" 404 154 "-" "Mozilla/5.0 (Windows NT 10.0; Win64; x64) AppleWebKit/537.36 (KHTML, like Gecko) Chrome/86.0.4240.198 Safari/537.36"
::1 - - [19/Nov/2020:03:25:03 +0000] "GET /frm_signUp.html HTTP/1.1" 404 154 "-" "Mozilla/5.0 (Windows NT 10.0; Win64; x64) AppleWebKit/537.36 (KHTML, like Gecko) Chrome/86.0.4240.198 Safari/537.36"
::1 - - [19/Nov/2020:03:25:04 +0000] "GET /frm_signUp.html HTTP/1.1" 404 154 "-" "Mozilla/5.0 (Windows NT 10.0; Win64; x64) AppleWebKit/537.36 (KHTML, like Gecko) Chrome/86.0.4240.198 Safari/537.36"
::1 - - [19/Nov/2020:03:25:04 +0000] "GET /frm_signUp.html HTTP/1.1" 404 154 "-" "Mozilla/5.0 (Windows NT 10.0; Win64; x64) AppleWebKit/537.36 (KHTML, like Gecko) Chrome/86.0.4240.198 Safari/537.36"
::1 - - [19/Nov/2020:03:25:04 +0000] "GET /frm_signUp.html HTTP/1.1" 404 154 "-" "Mozilla/5.0 (Windows NT 10.0; Win64; x64) AppleWebKit/537.36 (KHTML, like Gecko) Chrome/86.0.4240.198 Safari/537.36"
::1 - - [19/Nov/2020:03:25:05 +0000] "GET /frm_signUp.html HTTP/1.1" 404 154 "-" "Mozilla/5.0 (Windows NT 10.0; Win64; x64) AppleWebKit/537.36 (KHTML, like Gecko) Chrome/86.0.4240.198 Safari/537.36"
::1 - - [19/Nov/2020:03:25:05 +0000] "GET /frm_signUp.html HTTP/1.1" 404 154 "-" "Mozilla/5.0 (Windows NT 10.0; Win64; x64) AppleWebKit/537.36 (KHTML, like Gecko) Chrome/86.0.4240.198 Safari/537.36"
::1 - - [19/Nov/2020:03:25:05 +0000] "GET /frm_signUp.html HTTP/1.1" 404 154 "-" "Mozilla/5.0 (Windows NT 10.0; Win64; x64) AppleWebKit/537.36 (KHTML, like Gecko) Chrome/86.0.4240.198 Safari/537.36"
::1 - - [19/Nov/2020:03:25:05 +0000] "GET /frm_signUp.html HTTP/1.1" 404 154 "-" "Mozilla/5.0 (Windows NT 10.0; Win64; x64) AppleWebKit/537.36 (KHTML, like Gecko) Chrome/86.0.4240.198 Safari/537.36"
::1 - - [19/Nov/2020:03:25:05 +0000] "GET /frm_signUp.html HTTP/1.1" 404 154 "-" "Mozilla/5.0 (Windows NT 10.0; Win64; x64) AppleWebKit/537.36 (KHTML, like Gecko) Chrome/86.0.4240.198 Safari/537.36"
::1 - - [19/Nov/2020:03:25:05 +0000] "GET /frm_signUp.html HTTP/1.1" 404 154 "-" "Mozilla/5.0 (Windows NT 10.0; Win64; x64) AppleWebKit/537.36 (KHTML, like Gecko) Chrome/86.0.4240.198 Safari/537.36"
::1 - - [19/Nov/2020:03:25:05 +0000] "GET /frm_signUp.html HTTP/1.1" 404 154 "-" "Mozilla/5.0 (Windows NT 10.0; Win64; x64) AppleWebKit/537.36 (KHTML, like Gecko) Chrome/86.0.4240.198 Safari/537.36"
::1 - - [19/Nov/2020:03:25:06 +0000] "GET /frm_signUp.html HTTP/1.1" 404 154 "-" "Mozilla/5.0 (Windows NT 10.0; Win64; x64) AppleWebKit/537.36 (KHTML, like Gecko) Chrome/86.0.4240.198 Safari/537.36"
::1 - - [19/Nov/2020:03:25:06 +0000] "GET /frm_signUp.html HTTP/1.1" 404 154 "-" "Mozilla/5.0 (Windows NT 10.0; Win64; x64) AppleWebKit/537.36 (KHTML, like Gecko) Chrome/86.0.4240.198 Safari/537.36"
::1 - - [19/Nov/2020:03:25:06 +0000] "GET /frm_signUp.html HTTP/1.1" 404 154 "-" "Mozilla/5.0 (Windows NT 10.0; Win64; x64) AppleWebKit/537.36 (KHTML, like Gecko) Chrome/86.0.4240.198 Safari/537.36"
::1 - - [19/Nov/2020:03:25:06 +0000] "GET /frm_signUp.html HTTP/1.1" 404 154 "-" "Mozilla/5.0 (Windows NT 10.0; Win64; x64) AppleWebKit/537.36 (KHTML, like Gecko) Chrome/86.0.4240.198 Safari/537.36"
::1 - - [19/Nov/2020:03:25:06 +0000] "GET /frm_signUp.html HTTP/1.1" 404 154 "-" "Mozilla/5.0 (Windows NT 10.0; Win64; x64) AppleWebKit/537.36 (KHTML, like Gecko) Chrome/86.0.4240.198 Safari/537.36"
::1 - - [19/Nov/2020:03:25:08 +0000] "GET /frm_signUp.html HTTP/1.1" 404 154 "-" "Mozilla/5.0 (Windows NT 10.0; Win64; x64) AppleWebKit/537.36 (KHTML, like Gecko) Chrome/86.0.4240.198 Safari/537.36"
::1 - - [19/Nov/2020:03:25:08 +0000] "GET /frm_signUp.html HTTP/1.1" 404 154 "-" "Mozilla/5.0 (Windows NT 10.0; Win64; x64) AppleWebKit/537.36 (KHTML, like Gecko) Chrome/86.0.4240.198 Safari/537.36"
::1 - - [19/Nov/2020:03:25:08 +0000] "GET /frm_signUp.html HTTP/1.1" 404 154 "-" "Mozilla/5.0 (Windows NT 10.0; Win64; x64) AppleWebKit/537.36 (KHTML, like Gecko) Chrome/86.0.4240.198 Safari/537.36"
::1 - - [19/Nov/2020:03:25:08 +0000] "GET /frm_signUp.html HTTP/1.1" 404 154 "-" "Mozilla/5.0 (Windows NT 10.0; Win64; x64) AppleWebKit/537.36 (KHTML, like Gecko) Chrome/86.0.4240.198 Safari/537.36"
::1 - - [19/Nov/2020:03:25:08 +0000] "GET /frm_signUp.html HTTP/1.1" 404 154 "-" "Mozilla/5.0 (Windows NT 10.0; Win64; x64) AppleWebKit/537.36 (KHTML, like Gecko) Chrome/86.0.4240.198 Safari/537.36"
::1 - - [19/Nov/2020:03:25:08 +0000] "GET /frm_signUp.html HTTP/1.1" 404 154 "-" "Mozilla/5.0 (Windows NT 10.0; Win64; x64) AppleWebKit/537.36 (KHTML, like Gecko) Chrome/86.0.4240.198 Safari/537.36"
::1 - - [19/Nov/2020:03:25:09 +0000] "GET /frm_signUp.html HTTP/1.1" 404 154 "-" "Mozilla/5.0 (Windows NT 10.0; Win64; x64) AppleWebKit/537.36 (KHTML, like Gecko) Chrome/86.0.4240.198 Safari/537.36"
::1 - - [19/Nov/2020:03:25:09 +0000] "GET /frm_signUp.html HTTP/1.1" 404 154 "-" "Mozilla/5.0 (Windows NT 10.0; Win64; x64) AppleWebKit/537.36 (KHTML, like Gecko) Chrome/86.0.4240.198 Safari/537.36"
::1 - - [19/Nov/2020:03:25:15 +0000] "GET /frm_signUp.html HTTP/1.1" 404 154 "-" "Mozilla/5.0 (Windows NT 10.0; Win64; x64) AppleWebKit/537.36 (KHTML, like Gecko) Chrome/86.0.4240.198 Safari/537.36"
::1 - - [19/Nov/2020:03:25:16 +0000] "GET /frm_signUp.html HTTP/1.1" 404 154 "-" "Mozilla/5.0 (Windows NT 10.0; Win64; x64) AppleWebKit/537.36 (KHTML, like Gecko) Chrome/86.0.4240.198 Safari/537.36"
::1 - - [19/Nov/2020:03:25:17 +0000] "GET /frm_signUp.html HTTP/1.1" 404 154 "-" "Mozilla/5.0 (Windows NT 10.0; Win64; x64) AppleWebKit/537.36 (KHTML, like Gecko) Chrome/86.0.4240.198 Safari/537.36"
::1 - - [19/Nov/2020:03:25:17 +0000] "GET /frm_signUp.html HTTP/1.1" 404 154 "-" "Mozilla/5.0 (Windows NT 10.0; Win64; x64) AppleWebKit/537.36 (KHTML, like Gecko) Chrome/86.0.4240.198 Safari/537.36"
::1 - - [19/Nov/2020:03:25:18 +0000] "GET /frm_signUp.html HTTP/1.1" 404 154 "-" "Mozilla/5.0 (Windows NT 10.0; Win64; x64) AppleWebKit/537.36 (KHTML, like Gecko) Chrome/86.0.4240.198 Safari/537.36"
::1 - - [19/Nov/2020:03:25:18 +0000] "GET /frm_signUp.html HTTP/1.1" 404 154 "-" "Mozilla/5.0 (Windows NT 10.0; Win64; x64) AppleWebKit/537.36 (KHTML, like Gecko) Chrome/86.0.4240.198 Safari/537.36"
::1 - - [19/Nov/2020:03:25:19 +0000] "GET /frm_signUp.html HTTP/1.1" 404 154 "-" "Mozilla/5.0 (Windows NT 10.0; Win64; x64) AppleWebKit/537.36 (KHTML, like Gecko) Chrome/86.0.4240.198 Safari/537.36"
::1 - - [19/Nov/2020:03:27:25 +0000] "GET /frm_signUp.html HTTP/1.1" 404 154 "-" "Mozilla/5.0 (Windows NT 10.0; Win64; x64) AppleWebKit/537.36 (KHTML, like Gecko) Chrome/86.0.4240.198 Safari/537.36"
::1 - - [19/Nov/2020:03:27:26 +0000] "GET /frm_signUp.html HTTP/1.1" 404 154 "-" "Mozilla/5.0 (Windows NT 10.0; Win64; x64) AppleWebKit/537.36 (KHTML, like Gecko) Chrome/86.0.4240.198 Safari/537.36"
::1 - - [19/Nov/2020:03:27:26 +0000] "GET /frm_signUp.html HTTP/1.1" 404 154 "-" "Mozilla/5.0 (Windows NT 10.0; Win64; x64) AppleWebKit/537.36 (KHTML, like Gecko) Chrome/86.0.4240.198 Safari/537.36"
::1 - - [19/Nov/2020:03:27:27 +0000] "GET /frm_signUp.html HTTP/1.1" 404 154 "-" "Mozilla/5.0 (Windows NT 10.0; Win64; x64) AppleWebKit/537.36 (KHTML, like Gecko) Chrome/86.0.4240.198 Safari/537.36"
::1 - - [19/Nov/2020:03:27:27 +0000] "GET /frm_signUp.html HTTP/1.1" 404 154 "-" "Mozilla/5.0 (Windows NT 10.0; Win64; x64) AppleWebKit/537.36 (KHTML, like Gecko) Chrome/86.0.4240.198 Safari/537.36"
::1 - - [19/Nov/2020:03:27:27 +0000] "GET /frm_signUp.html HTTP/1.1" 404 154 "-" "Mozilla/5.0 (Windows NT 10.0; Win64; x64) AppleWebKit/537.36 (KHTML, like Gecko) Chrome/86.0.4240.198 Safari/537.36"
::1 - - [19/Nov/2020:03:27:27 +0000] "GET /frm_signUp.html HTTP/1.1" 404 154 "-" "Mozilla/5.0 (Windows NT 10.0; Win64; x64) AppleWebKit/537.36 (KHTML, like Gecko) Chrome/86.0.4240.198 Safari/537.36"
::1 - - [19/Nov/2020:03:27:27 +0000] "GET /frm_signUp.html HTTP/1.1" 404 154 "-" "Mozilla/5.0 (Windows NT 10.0; Win64; x64) AppleWebKit/537.36 (KHTML, like Gecko) Chrome/86.0.4240.198 Safari/537.36"
::1 - - [19/Nov/2020:03:27:28 +0000] "GET /frm_signUp.html HTTP/1.1" 404 154 "-" "Mozilla/5.0 (Windows NT 10.0; Win64; x64) AppleWebKit/537.36 (KHTML, like Gecko) Chrome/86.0.4240.198 Safari/537.36"
::1 - - [19/Nov/2020:03:27:28 +0000] "GET /frm_signUp.html HTTP/1.1" 404 154 "-" "Mozilla/5.0 (Windows NT 10.0; Win64; x64) AppleWebKit/537.36 (KHTML, like Gecko) Chrome/86.0.4240.198 Safari/537.36"
::1 - - [19/Nov/2020:03:27:28 +0000] "GET /frm_signUp.html HTTP/1.1" 404 154 "-" "Mozilla/5.0 (Windows NT 10.0; Win64; x64) AppleWebKit/537.36 (KHTML, like Gecko) Chrome/86.0.4240.198 Safari/537.36"
::1 - - [19/Nov/2020:03:27:28 +0000] "GET /frm_signUp.html HTTP/1.1" 404 154 "-" "Mozilla/5.0 (Windows NT 10.0; Win64; x64) AppleWebKit/537.36 (KHTML, like Gecko) Chrome/86.0.4240.198 Safari/537.36"
::1 - - [19/Nov/2020:03:27:28 +0000] "GET /frm_signUp.html HTTP/1.1" 404 154 "-" "Mozilla/5.0 (Windows NT 10.0; Win64; x64) AppleWebKit/537.36 (KHTML, like Gecko) Chrome/86.0.4240.198 Safari/537.36"
::1 - - [19/Nov/2020:03:27:28 +0000] "GET /frm_signUp.html HTTP/1.1" 404 154 "-" "Mozilla/5.0 (Windows NT 10.0; Win64; x64) AppleWebKit/537.36 (KHTML, like Gecko) Chrome/86.0.4240.198 Safari/537.36"
::1 - - [19/Nov/2020:03:27:29 +0000] "GET /frm_signUp.html HTTP/1.1" 404 154 "-" "Mozilla/5.0 (Windows NT 10.0; Win64; x64) AppleWebKit/537.36 (KHTML, like Gecko) Chrome/86.0.4240.198 Safari/537.36"
::1 - - [19/Nov/2020:03:27:29 +0000] "GET /frm_signUp.html HTTP/1.1" 404 154 "-" "Mozilla/5.0 (Windows NT 10.0; Win64; x64) AppleWebKit/537.36 (KHTML, like Gecko) Chrome/86.0.4240.198 Safari/537.36"
::1 - - [19/Nov/2020:03:27:29 +0000] "GET /frm_signUp.html HTTP/1.1" 404 154 "-" "Mozilla/5.0 (Windows NT 10.0; Win64; x64) AppleWebKit/537.36 (KHTML, like Gecko) Chrome/86.0.4240.198 Safari/537.36"
::1 - - [19/Nov/2020:03:27:29 +0000] "GET /frm_signUp.html HTTP/1.1" 404 154 "-" "Mozilla/5.0 (Windows NT 10.0; Win64; x64) AppleWebKit/537.36 (KHTML, like Gecko) Chrome/86.0.4240.198 Safari/537.36"
::1 - - [19/Nov/2020:03:27:30 +0000] "GET /frm_signUp.html HTTP/1.1" 404 154 "-" "Mozilla/5.0 (Windows NT 10.0; Win64; x64) AppleWebKit/537.36 (KHTML, like Gecko) Chrome/86.0.4240.198 Safari/537.36"
::1 - - [19/Nov/2020:03:27:30 +0000] "GET /frm_signUp.html HTTP/1.1" 404 154 "-" "Mozilla/5.0 (Windows NT 10.0; Win64; x64) AppleWebKit/537.36 (KHTML, like Gecko) Chrome/86.0.4240.198 Safari/537.36"
::1 - - [19/Nov/2020:03:27:30 +0000] "GET /frm_signUp.html HTTP/1.1" 404 154 "-" "Mozilla/5.0 (Windows NT 10.0; Win64; x64) AppleWebKit/537.36 (KHTML, like Gecko) Chrome/86.0.4240.198 Safari/537.36"
::1 - - [19/Nov/2020:03:27:31 +0000] "GET /frm_signUp.html HTTP/1.1" 404 154 "-" "Mozilla/5.0 (Windows NT 10.0; Win64; x64) AppleWebKit/537.36 (KHTML, like Gecko) Chrome/86.0.4240.198 Safari/537.36"
::1 - - [19/Nov/2020:03:27:31 +0000] "GET /frm_signUp.html HTTP/1.1" 404 154 "-" "Mozilla/5.0 (Windows NT 10.0; Win64; x64) AppleWebKit/537.36 (KHTML, like Gecko) Chrome/86.0.4240.198 Safari/537.36"
::1 - - [19/Nov/2020:03:27:31 +0000] "GET /frm_signUp.html HTTP/1.1" 404 154 "-" "Mozilla/5.0 (Windows NT 10.0; Win64; x64) AppleWebKit/537.36 (KHTML, like Gecko) Chrome/86.0.4240.198 Safari/537.36"
::1 - - [19/Nov/2020:03:27:31 +0000] "GET /frm_signUp.html HTTP/1.1" 404 154 "-" "Mozilla/5.0 (Windows NT 10.0; Win64; x64) AppleWebKit/537.36 (KHTML, like Gecko) Chrome/86.0.4240.198 Safari/537.36"
::1 - - [19/Nov/2020:03:27:31 +0000] "GET /frm_signUp.html HTTP/1.1" 404 154 "-" "Mozilla/5.0 (Windows NT 10.0; Win64; x64) AppleWebKit/537.36 (KHTML, like Gecko) Chrome/86.0.4240.198 Safari/537.36"
::1 - - [19/Nov/2020:03:27:31 +0000] "GET /frm_signUp.html HTTP/1.1" 404 154 "-" "Mozilla/5.0 (Windows NT 10.0; Win64; x64) AppleWebKit/537.36 (KHTML, like Gecko) Chrome/86.0.4240.198 Safari/537.36"
::1 - - [19/Nov/2020:03:27:31 +0000] "GET /frm_signUp.html HTTP/1.1" 404 154 "-" "Mozilla/5.0 (Windows NT 10.0; Win64; x64) AppleWebKit/537.36 (KHTML, like Gecko) Chrome/86.0.4240.198 Safari/537.36"
::1 - - [19/Nov/2020:03:28:12 +0000] "GET /css/frm_signUp.css HTTP/1.1" 404 157 "http://localhost:3000/frm_signUp.html" "Mozilla/5.0 (Windows NT 10.0; Win64; x64) AppleWebKit/537.36 (KHTML, like Gecko) Chrome/86.0.4240.198 Safari/537.36"
::1 - - [19/Nov/2020:03:28:12 +0000] "GET /js/register.js HTTP/1.1" 404 155 "http://localhost:3000/frm_signUp.html" "Mozilla/5.0 (Windows NT 10.0; Win64; x64) AppleWebKit/537.36 (KHTML, like Gecko) Chrome/86.0.4240.198 Safari/537.36"
::1 - - [19/Nov/2020:03:28:12 +0000] "GET /img/signUp/bg_img.png HTTP/1.1" 404 160 "http://localhost:3000/frm_signUp.html" "Mozilla/5.0 (Windows NT 10.0; Win64; x64) AppleWebKit/537.36 (KHTML, like Gecko) Chrome/86.0.4240.198 Safari/537.36"
::1 - - [19/Nov/2020:03:28:12 +0000] "GET /img/signUp/sideForm_img.png HTTP/1.1" 404 166 "http://localhost:3000/frm_signUp.html" "Mozilla/5.0 (Windows NT 10.0; Win64; x64) AppleWebKit/537.36 (KHTML, like Gecko) Chrome/86.0.4240.198 Safari/537.36"
::1 - - [19/Nov/2020:03:28:12 +0000] "GET /js/register.js HTTP/1.1" 404 155 "http://localhost:3000/frm_signUp.html" "Mozilla/5.0 (Windows NT 10.0; Win64; x64) AppleWebKit/537.36 (KHTML, like Gecko) Chrome/86.0.4240.198 Safari/537.36"
::1 - - [19/Nov/2020:03:28:12 +0000] "GET /img/signUp/Logo.png HTTP/1.1" 404 158 "http://localhost:3000/frm_signUp.html" "Mozilla/5.0 (Windows NT 10.0; Win64; x64) AppleWebKit/537.36 (KHTML, like Gecko) Chrome/86.0.4240.198 Safari/537.36"
::1 - - [19/Nov/2020:03:29:03 +0000] "GET /css/frm_signUp.css HTTP/1.1" 404 157 "http://localhost:3000/frm_signUp.html" "Mozilla/5.0 (Windows NT 10.0; Win64; x64) AppleWebKit/537.36 (KHTML, like Gecko) Chrome/86.0.4240.198 Safari/537.36"
::1 - - [19/Nov/2020:03:29:03 +0000] "GET /js/register.js HTTP/1.1" 404 155 "http://localhost:3000/frm_signUp.html" "Mozilla/5.0 (Windows NT 10.0; Win64; x64) AppleWebKit/537.36 (KHTML, like Gecko) Chrome/86.0.4240.198 Safari/537.36"
::1 - - [19/Nov/2020:03:29:03 +0000] "GET /img/signUp/bg_img.png HTTP/1.1" 404 160 "http://localhost:3000/frm_signUp.html" "Mozilla/5.0 (Windows NT 10.0; Win64; x64) AppleWebKit/537.36 (KHTML, like Gecko) Chrome/86.0.4240.198 Safari/537.36"
::1 - - [19/Nov/2020:03:29:03 +0000] "GET /img/signUp/sideForm_img.png HTTP/1.1" 404 166 "http://localhost:3000/frm_signUp.html" "Mozilla/5.0 (Windows NT 10.0; Win64; x64) AppleWebKit/537.36 (KHTML, like Gecko) Chrome/86.0.4240.198 Safari/537.36"
::1 - - [19/Nov/2020:03:29:03 +0000] "GET /img/signUp/Logo.png HTTP/1.1" 404 158 "http://localhost:3000/frm_signUp.html" "Mozilla/5.0 (Windows NT 10.0; Win64; x64) AppleWebKit/537.36 (KHTML, like Gecko) Chrome/86.0.4240.198 Safari/537.36"
::1 - - [19/Nov/2020:03:29:03 +0000] "GET /js/register.js HTTP/1.1" 404 155 "http://localhost:3000/frm_signUp.html" "Mozilla/5.0 (Windows NT 10.0; Win64; x64) AppleWebKit/537.36 (KHTML, like Gecko) Chrome/86.0.4240.198 Safari/537.36"
::1 - - [19/Nov/2020:03:29:06 +0000] "GET /css/frm_signUp.css HTTP/1.1" 404 157 "http://localhost:3000/frm_signUp.html" "Mozilla/5.0 (Windows NT 10.0; Win64; x64) AppleWebKit/537.36 (KHTML, like Gecko) Chrome/86.0.4240.198 Safari/537.36"
::1 - - [19/Nov/2020:03:29:06 +0000] "GET /js/register.js HTTP/1.1" 404 155 "http://localhost:3000/frm_signUp.html" "Mozilla/5.0 (Windows NT 10.0; Win64; x64) AppleWebKit/537.36 (KHTML, like Gecko) Chrome/86.0.4240.198 Safari/537.36"
::1 - - [19/Nov/2020:03:29:06 +0000] "GET /img/signUp/bg_img.png HTTP/1.1" 404 160 "http://localhost:3000/frm_signUp.html" "Mozilla/5.0 (Windows NT 10.0; Win64; x64) AppleWebKit/537.36 (KHTML, like Gecko) Chrome/86.0.4240.198 Safari/537.36"
::1 - - [19/Nov/2020:03:29:06 +0000] "GET /img/signUp/sideForm_img.png HTTP/1.1" 404 166 "http://localhost:3000/frm_signUp.html" "Mozilla/5.0 (Windows NT 10.0; Win64; x64) AppleWebKit/537.36 (KHTML, like Gecko) Chrome/86.0.4240.198 Safari/537.36"
::1 - - [19/Nov/2020:03:29:06 +0000] "GET /js/register.js HTTP/1.1" 404 155 "http://localhost:3000/frm_signUp.html" "Mozilla/5.0 (Windows NT 10.0; Win64; x64) AppleWebKit/537.36 (KHTML, like Gecko) Chrome/86.0.4240.198 Safari/537.36"
::1 - - [19/Nov/2020:03:29:06 +0000] "GET /img/signUp/Logo.png HTTP/1.1" 404 158 "http://localhost:3000/frm_signUp.html" "Mozilla/5.0 (Windows NT 10.0; Win64; x64) AppleWebKit/537.36 (KHTML, like Gecko) Chrome/86.0.4240.198 Safari/537.36"
::ffff:127.0.0.1 - - [19/Nov/2020:03:29:17 +0000] "GET /css/frm_signUp.css HTTP/1.1" 404 157 "http://localhost:3000/frm_signUp.html" "Mozilla/5.0 (Windows NT 10.0; Win64; x64) AppleWebKit/537.36 (KHTML, like Gecko) Chrome/86.0.4240.198 Safari/537.36"
::1 - - [19/Nov/2020:03:29:17 +0000] "GET /js/register.js HTTP/1.1" 404 155 "http://localhost:3000/frm_signUp.html" "Mozilla/5.0 (Windows NT 10.0; Win64; x64) AppleWebKit/537.36 (KHTML, like Gecko) Chrome/86.0.4240.198 Safari/537.36"
::1 - - [19/Nov/2020:03:29:17 +0000] "GET /img/signUp/bg_img.png HTTP/1.1" 404 160 "http://localhost:3000/frm_signUp.html" "Mozilla/5.0 (Windows NT 10.0; Win64; x64) AppleWebKit/537.36 (KHTML, like Gecko) Chrome/86.0.4240.198 Safari/537.36"
::ffff:127.0.0.1 - - [19/Nov/2020:03:29:17 +0000] "GET /img/signUp/sideForm_img.png HTTP/1.1" 404 166 "http://localhost:3000/frm_signUp.html" "Mozilla/5.0 (Windows NT 10.0; Win64; x64) AppleWebKit/537.36 (KHTML, like Gecko) Chrome/86.0.4240.198 Safari/537.36"
::ffff:127.0.0.1 - - [19/Nov/2020:03:29:17 +0000] "GET /js/register.js HTTP/1.1" 404 155 "http://localhost:3000/frm_signUp.html" "Mozilla/5.0 (Windows NT 10.0; Win64; x64) AppleWebKit/537.36 (KHTML, like Gecko) Chrome/86.0.4240.198 Safari/537.36"
::1 - - [19/Nov/2020:03:29:17 +0000] "GET /img/signUp/Logo.png HTTP/1.1" 404 158 "http://localhost:3000/frm_signUp.html" "Mozilla/5.0 (Windows NT 10.0; Win64; x64) AppleWebKit/537.36 (KHTML, like Gecko) Chrome/86.0.4240.198 Safari/537.36"
::1 - - [19/Nov/2020:03:29:20 +0000] "GET /css/frm_signUp.css HTTP/1.1" 404 157 "http://localhost:3000/frm_signUp.html" "Mozilla/5.0 (Windows NT 10.0; Win64; x64) AppleWebKit/537.36 (KHTML, like Gecko) Chrome/86.0.4240.198 Safari/537.36"
::ffff:127.0.0.1 - - [19/Nov/2020:03:29:20 +0000] "GET /js/register.js HTTP/1.1" 404 155 "http://localhost:3000/frm_signUp.html" "Mozilla/5.0 (Windows NT 10.0; Win64; x64) AppleWebKit/537.36 (KHTML, like Gecko) Chrome/86.0.4240.198 Safari/537.36"
::ffff:127.0.0.1 - - [19/Nov/2020:03:29:20 +0000] "GET /img/signUp/bg_img.png HTTP/1.1" 404 160 "http://localhost:3000/frm_signUp.html" "Mozilla/5.0 (Windows NT 10.0; Win64; x64) AppleWebKit/537.36 (KHTML, like Gecko) Chrome/86.0.4240.198 Safari/537.36"
::ffff:127.0.0.1 - - [19/Nov/2020:03:29:20 +0000] "GET /img/signUp/sideForm_img.png HTTP/1.1" 404 166 "http://localhost:3000/frm_signUp.html" "Mozilla/5.0 (Windows NT 10.0; Win64; x64) AppleWebKit/537.36 (KHTML, like Gecko) Chrome/86.0.4240.198 Safari/537.36"
::ffff:127.0.0.1 - - [19/Nov/2020:03:29:20 +0000] "GET /js/register.js HTTP/1.1" 404 155 "http://localhost:3000/frm_signUp.html" "Mozilla/5.0 (Windows NT 10.0; Win64; x64) AppleWebKit/537.36 (KHTML, like Gecko) Chrome/86.0.4240.198 Safari/537.36"
::1 - - [19/Nov/2020:03:29:20 +0000] "GET /img/signUp/Logo.png HTTP/1.1" 404 158 "http://localhost:3000/frm_signUp.html" "Mozilla/5.0 (Windows NT 10.0; Win64; x64) AppleWebKit/537.36 (KHTML, like Gecko) Chrome/86.0.4240.198 Safari/537.36"
::1 - - [19/Nov/2020:03:29:20 +0000] "GET /css/frm_signUp.css HTTP/1.1" 404 157 "http://localhost:3000/frm_signUp.html" "Mozilla/5.0 (Windows NT 10.0; Win64; x64) AppleWebKit/537.36 (KHTML, like Gecko) Chrome/86.0.4240.198 Safari/537.36"
::ffff:127.0.0.1 - - [19/Nov/2020:03:29:20 +0000] "GET /js/register.js HTTP/1.1" 404 155 "http://localhost:3000/frm_signUp.html" "Mozilla/5.0 (Windows NT 10.0; Win64; x64) AppleWebKit/537.36 (KHTML, like Gecko) Chrome/86.0.4240.198 Safari/537.36"
::ffff:127.0.0.1 - - [19/Nov/2020:03:29:20 +0000] "GET /img/signUp/bg_img.png HTTP/1.1" 404 160 "http://localhost:3000/frm_signUp.html" "Mozilla/5.0 (Windows NT 10.0; Win64; x64) AppleWebKit/537.36 (KHTML, like Gecko) Chrome/86.0.4240.198 Safari/537.36"
::1 - - [19/Nov/2020:03:29:20 +0000] "GET /img/signUp/sideForm_img.png HTTP/1.1" 404 166 "http://localhost:3000/frm_signUp.html" "Mozilla/5.0 (Windows NT 10.0; Win64; x64) AppleWebKit/537.36 (KHTML, like Gecko) Chrome/86.0.4240.198 Safari/537.36"
::1 - - [19/Nov/2020:03:29:20 +0000] "GET /js/register.js HTTP/1.1" 404 155 "http://localhost:3000/frm_signUp.html" "Mozilla/5.0 (Windows NT 10.0; Win64; x64) AppleWebKit/537.36 (KHTML, like Gecko) Chrome/86.0.4240.198 Safari/537.36"
::ffff:127.0.0.1 - - [19/Nov/2020:03:29:20 +0000] "GET /img/signUp/Logo.png HTTP/1.1" 404 158 "http://localhost:3000/frm_signUp.html" "Mozilla/5.0 (Windows NT 10.0; Win64; x64) AppleWebKit/537.36 (KHTML, like Gecko) Chrome/86.0.4240.198 Safari/537.36"
::1 - - [19/Nov/2020:03:30:38 +0000] "GET /js/register.js HTTP/1.1" 404 155 "http://localhost:3000/frm_signUp.html" "Mozilla/5.0 (Windows NT 10.0; Win64; x64) AppleWebKit/537.36 (KHTML, like Gecko) Chrome/86.0.4240.198 Safari/537.36"
::ffff:127.0.0.1 - - [19/Nov/2020:03:30:38 +0000] "GET /css/frm_signUp.css HTTP/1.1" 404 157 "http://localhost:3000/frm_signUp.html" "Mozilla/5.0 (Windows NT 10.0; Win64; x64) AppleWebKit/537.36 (KHTML, like Gecko) Chrome/86.0.4240.198 Safari/537.36"
::ffff:127.0.0.1 - - [19/Nov/2020:03:30:38 +0000] "GET /img/signUp/bg_img.png HTTP/1.1" 404 160 "http://localhost:3000/frm_signUp.html" "Mozilla/5.0 (Windows NT 10.0; Win64; x64) AppleWebKit/537.36 (KHTML, like Gecko) Chrome/86.0.4240.198 Safari/537.36"
::1 - - [19/Nov/2020:03:30:38 +0000] "GET /img/signUp/sideForm_img.png HTTP/1.1" 404 166 "http://localhost:3000/frm_signUp.html" "Mozilla/5.0 (Windows NT 10.0; Win64; x64) AppleWebKit/537.36 (KHTML, like Gecko) Chrome/86.0.4240.198 Safari/537.36"
::1 - - [19/Nov/2020:03:30:38 +0000] "GET /js/register.js HTTP/1.1" 404 155 "http://localhost:3000/frm_signUp.html" "Mozilla/5.0 (Windows NT 10.0; Win64; x64) AppleWebKit/537.36 (KHTML, like Gecko) Chrome/86.0.4240.198 Safari/537.36"
::ffff:127.0.0.1 - - [19/Nov/2020:03:30:38 +0000] "GET /img/signUp/Logo.png HTTP/1.1" 404 158 "http://localhost:3000/frm_signUp.html" "Mozilla/5.0 (Windows NT 10.0; Win64; x64) AppleWebKit/537.36 (KHTML, like Gecko) Chrome/86.0.4240.198 Safari/537.36"
::ffff:127.0.0.1 - - [19/Nov/2020:03:30:41 +0000] "GET /css/frm_signUp.css HTTP/1.1" 404 157 "http://localhost:3000/frm_signUp.html" "Mozilla/5.0 (Windows NT 10.0; Win64; x64) AppleWebKit/537.36 (KHTML, like Gecko) Chrome/86.0.4240.198 Safari/537.36"
::1 - - [19/Nov/2020:03:30:41 +0000] "GET /js/register.js HTTP/1.1" 404 155 "http://localhost:3000/frm_signUp.html" "Mozilla/5.0 (Windows NT 10.0; Win64; x64) AppleWebKit/537.36 (KHTML, like Gecko) Chrome/86.0.4240.198 Safari/537.36"
::1 - - [19/Nov/2020:03:30:41 +0000] "GET /img/signUp/bg_img.png HTTP/1.1" 404 160 "http://localhost:3000/frm_signUp.html" "Mozilla/5.0 (Windows NT 10.0; Win64; x64) AppleWebKit/537.36 (KHTML, like Gecko) Chrome/86.0.4240.198 Safari/537.36"
::ffff:127.0.0.1 - - [19/Nov/2020:03:30:41 +0000] "GET /img/signUp/sideForm_img.png HTTP/1.1" 404 166 "http://localhost:3000/frm_signUp.html" "Mozilla/5.0 (Windows NT 10.0; Win64; x64) AppleWebKit/537.36 (KHTML, like Gecko) Chrome/86.0.4240.198 Safari/537.36"
::ffff:127.0.0.1 - - [19/Nov/2020:03:30:41 +0000] "GET /js/register.js HTTP/1.1" 404 155 "http://localhost:3000/frm_signUp.html" "Mozilla/5.0 (Windows NT 10.0; Win64; x64) AppleWebKit/537.36 (KHTML, like Gecko) Chrome/86.0.4240.198 Safari/537.36"
::ffff:127.0.0.1 - - [19/Nov/2020:03:30:41 +0000] "GET /img/signUp/Logo.png HTTP/1.1" 404 158 "http://localhost:3000/frm_signUp.html" "Mozilla/5.0 (Windows NT 10.0; Win64; x64) AppleWebKit/537.36 (KHTML, like Gecko) Chrome/86.0.4240.198 Safari/537.36"
::ffff:127.0.0.1 - - [19/Nov/2020:03:30:42 +0000] "GET /css/frm_signUp.css HTTP/1.1" 404 157 "http://localhost:3000/frm_signUp.html" "Mozilla/5.0 (Windows NT 10.0; Win64; x64) AppleWebKit/537.36 (KHTML, like Gecko) Chrome/86.0.4240.198 Safari/537.36"
::1 - - [19/Nov/2020:03:30:42 +0000] "GET /js/register.js HTTP/1.1" 404 155 "http://localhost:3000/frm_signUp.html" "Mozilla/5.0 (Windows NT 10.0; Win64; x64) AppleWebKit/537.36 (KHTML, like Gecko) Chrome/86.0.4240.198 Safari/537.36"
::1 - - [19/Nov/2020:03:30:42 +0000] "GET /img/signUp/bg_img.png HTTP/1.1" 404 160 "http://localhost:3000/frm_signUp.html" "Mozilla/5.0 (Windows NT 10.0; Win64; x64) AppleWebKit/537.36 (KHTML, like Gecko) Chrome/86.0.4240.198 Safari/537.36"
::ffff:127.0.0.1 - - [19/Nov/2020:03:30:42 +0000] "GET /img/signUp/sideForm_img.png HTTP/1.1" 404 166 "http://localhost:3000/frm_signUp.html" "Mozilla/5.0 (Windows NT 10.0; Win64; x64) AppleWebKit/537.36 (KHTML, like Gecko) Chrome/86.0.4240.198 Safari/537.36"
::ffff:127.0.0.1 - - [19/Nov/2020:03:30:42 +0000] "GET /js/register.js HTTP/1.1" 404 155 "http://localhost:3000/frm_signUp.html" "Mozilla/5.0 (Windows NT 10.0; Win64; x64) AppleWebKit/537.36 (KHTML, like Gecko) Chrome/86.0.4240.198 Safari/537.36"
::ffff:127.0.0.1 - - [19/Nov/2020:03:30:42 +0000] "GET /img/signUp/Logo.png HTTP/1.1" 404 158 "http://localhost:3000/frm_signUp.html" "Mozilla/5.0 (Windows NT 10.0; Win64; x64) AppleWebKit/537.36 (KHTML, like Gecko) Chrome/86.0.4240.198 Safari/537.36"
::ffff:127.0.0.1 - - [19/Nov/2020:03:30:42 +0000] "GET /css/frm_signUp.css HTTP/1.1" 404 157 "http://localhost:3000/frm_signUp.html" "Mozilla/5.0 (Windows NT 10.0; Win64; x64) AppleWebKit/537.36 (KHTML, like Gecko) Chrome/86.0.4240.198 Safari/537.36"
::1 - - [19/Nov/2020:03:30:42 +0000] "GET /js/register.js HTTP/1.1" 404 155 "http://localhost:3000/frm_signUp.html" "Mozilla/5.0 (Windows NT 10.0; Win64; x64) AppleWebKit/537.36 (KHTML, like Gecko) Chrome/86.0.4240.198 Safari/537.36"
::1 - - [19/Nov/2020:03:30:42 +0000] "GET /img/signUp/bg_img.png HTTP/1.1" 404 160 "http://localhost:3000/frm_signUp.html" "Mozilla/5.0 (Windows NT 10.0; Win64; x64) AppleWebKit/537.36 (KHTML, like Gecko) Chrome/86.0.4240.198 Safari/537.36"
::1 - - [19/Nov/2020:03:30:42 +0000] "GET /img/signUp/sideForm_img.png HTTP/1.1" 404 166 "http://localhost:3000/frm_signUp.html" "Mozilla/5.0 (Windows NT 10.0; Win64; x64) AppleWebKit/537.36 (KHTML, like Gecko) Chrome/86.0.4240.198 Safari/537.36"
::1 - - [19/Nov/2020:03:30:42 +0000] "GET /js/register.js HTTP/1.1" 404 155 "http://localhost:3000/frm_signUp.html" "Mozilla/5.0 (Windows NT 10.0; Win64; x64) AppleWebKit/537.36 (KHTML, like Gecko) Chrome/86.0.4240.198 Safari/537.36"
::1 - - [19/Nov/2020:03:30:42 +0000] "GET /img/signUp/Logo.png HTTP/1.1" 404 158 "http://localhost:3000/frm_signUp.html" "Mozilla/5.0 (Windows NT 10.0; Win64; x64) AppleWebKit/537.36 (KHTML, like Gecko) Chrome/86.0.4240.198 Safari/537.36"
::1 - - [19/Nov/2020:03:35:56 +0000] "GET /frm_signUp.html HTTP/1.1" 404 154 "-" "Mozilla/5.0 (Windows NT 10.0; Win64; x64) AppleWebKit/537.36 (KHTML, like Gecko) Chrome/86.0.4240.198 Safari/537.36"
::1 - - [19/Nov/2020:03:35:57 +0000] "GET /frm_signUp.html HTTP/1.1" 404 154 "-" "Mozilla/5.0 (Windows NT 10.0; Win64; x64) AppleWebKit/537.36 (KHTML, like Gecko) Chrome/86.0.4240.198 Safari/537.36"
::1 - - [19/Nov/2020:03:35:58 +0000] "GET /frm_signUp.html HTTP/1.1" 404 154 "-" "Mozilla/5.0 (Windows NT 10.0; Win64; x64) AppleWebKit/537.36 (KHTML, like Gecko) Chrome/86.0.4240.198 Safari/537.36"
::1 - - [19/Nov/2020:03:37:06 +0000] "GET /frm_signUp.html HTTP/1.1" 404 154 "-" "Mozilla/5.0 (Windows NT 10.0; Win64; x64) AppleWebKit/537.36 (KHTML, like Gecko) Chrome/86.0.4240.198 Safari/537.36"
::1 - - [19/Nov/2020:03:37:07 +0000] "GET /frm_signUp.html HTTP/1.1" 404 154 "-" "Mozilla/5.0 (Windows NT 10.0; Win64; x64) AppleWebKit/537.36 (KHTML, like Gecko) Chrome/86.0.4240.198 Safari/537.36"
::1 - - [19/Nov/2020:03:37:33 +0000] "GET /public/html/frm_signUp.html HTTP/1.1" 404 166 "-" "Mozilla/5.0 (Windows NT 10.0; Win64; x64) AppleWebKit/537.36 (KHTML, like Gecko) Chrome/86.0.4240.198 Safari/537.36"
::1 - - [19/Nov/2020:03:37:56 +0000] "GET /public/img/signUp/bg_img.png HTTP/1.1" 404 167 "-" "Mozilla/5.0 (Windows NT 10.0; Win64; x64) AppleWebKit/537.36 (KHTML, like Gecko) Chrome/86.0.4240.198 Safari/537.36"
::1 - - [19/Nov/2020:03:38:39 +0000] "GET /public/img/signUp/bg_img.png HTTP/1.1" 404 167 "-" "Mozilla/5.0 (Windows NT 10.0; Win64; x64) AppleWebKit/537.36 (KHTML, like Gecko) Chrome/86.0.4240.198 Safari/537.36"
::1 - - [19/Nov/2020:03:38:40 +0000] "GET /public/img/signUp/bg_img.png HTTP/1.1" 404 167 "-" "Mozilla/5.0 (Windows NT 10.0; Win64; x64) AppleWebKit/537.36 (KHTML, like Gecko) Chrome/86.0.4240.198 Safari/537.36"
::1 - - [19/Nov/2020:03:38:41 +0000] "GET /public/img/signUp/bg_img.png HTTP/1.1" 404 167 "-" "Mozilla/5.0 (Windows NT 10.0; Win64; x64) AppleWebKit/537.36 (KHTML, like Gecko) Chrome/86.0.4240.198 Safari/537.36"
::1 - - [19/Nov/2020:03:40:30 +0000] "GET /public/img/signUp/bg_img.png HTTP/1.1" 404 167 "-" "Mozilla/5.0 (Windows NT 10.0; Win64; x64) AppleWebKit/537.36 (KHTML, like Gecko) Chrome/86.0.4240.198 Safari/537.36"
::1 - - [19/Nov/2020:03:40:38 +0000] "GET /frm_signUp.html HTTP/1.1" 404 154 "-" "Mozilla/5.0 (Windows NT 10.0; Win64; x64) AppleWebKit/537.36 (KHTML, like Gecko) Chrome/86.0.4240.198 Safari/537.36"
::1 - - [19/Nov/2020:03:42:42 +0000] "GET /frm_signUp.html HTTP/1.1" 404 154 "-" "Mozilla/5.0 (Windows NT 10.0; Win64; x64) AppleWebKit/537.36 (KHTML, like Gecko) Chrome/86.0.4240.198 Safari/537.36"
::1 - - [19/Nov/2020:03:42:43 +0000] "GET /frm_signUp.html HTTP/1.1" 404 154 "-" "Mozilla/5.0 (Windows NT 10.0; Win64; x64) AppleWebKit/537.36 (KHTML, like Gecko) Chrome/86.0.4240.198 Safari/537.36"
::1 - - [19/Nov/2020:03:42:44 +0000] "GET /frm_signUp.html HTTP/1.1" 404 154 "-" "Mozilla/5.0 (Windows NT 10.0; Win64; x64) AppleWebKit/537.36 (KHTML, like Gecko) Chrome/86.0.4240.198 Safari/537.36"
::1 - - [19/Nov/2020:03:42:44 +0000] "GET /frm_signUp.html HTTP/1.1" 404 154 "-" "Mozilla/5.0 (Windows NT 10.0; Win64; x64) AppleWebKit/537.36 (KHTML, like Gecko) Chrome/86.0.4240.198 Safari/537.36"
::1 - - [19/Nov/2020:03:42:45 +0000] "GET /frm_signUp.html HTTP/1.1" 404 154 "-" "Mozilla/5.0 (Windows NT 10.0; Win64; x64) AppleWebKit/537.36 (KHTML, like Gecko) Chrome/86.0.4240.198 Safari/537.36"
::1 - - [19/Nov/2020:03:42:45 +0000] "GET /frm_signUp.html HTTP/1.1" 404 154 "-" "Mozilla/5.0 (Windows NT 10.0; Win64; x64) AppleWebKit/537.36 (KHTML, like Gecko) Chrome/86.0.4240.198 Safari/537.36"
::1 - - [19/Nov/2020:03:42:46 +0000] "GET /frm_signUp.html HTTP/1.1" 404 154 "-" "Mozilla/5.0 (Windows NT 10.0; Win64; x64) AppleWebKit/537.36 (KHTML, like Gecko) Chrome/86.0.4240.198 Safari/537.36"
::1 - - [19/Nov/2020:03:42:46 +0000] "GET /frm_signUp.html HTTP/1.1" 404 154 "-" "Mozilla/5.0 (Windows NT 10.0; Win64; x64) AppleWebKit/537.36 (KHTML, like Gecko) Chrome/86.0.4240.198 Safari/537.36"
::1 - - [19/Nov/2020:03:42:46 +0000] "GET /frm_signUp.html HTTP/1.1" 404 154 "-" "Mozilla/5.0 (Windows NT 10.0; Win64; x64) AppleWebKit/537.36 (KHTML, like Gecko) Chrome/86.0.4240.198 Safari/537.36"
::1 - - [19/Nov/2020:03:42:47 +0000] "GET /frm_signUp.html HTTP/1.1" 404 154 "-" "Mozilla/5.0 (Windows NT 10.0; Win64; x64) AppleWebKit/537.36 (KHTML, like Gecko) Chrome/86.0.4240.198 Safari/537.36"
::1 - - [19/Nov/2020:03:42:47 +0000] "GET /frm_signUp.html HTTP/1.1" 404 154 "-" "Mozilla/5.0 (Windows NT 10.0; Win64; x64) AppleWebKit/537.36 (KHTML, like Gecko) Chrome/86.0.4240.198 Safari/537.36"
::1 - - [19/Nov/2020:03:42:48 +0000] "GET /frm_signUp.html HTTP/1.1" 404 154 "-" "Mozilla/5.0 (Windows NT 10.0; Win64; x64) AppleWebKit/537.36 (KHTML, like Gecko) Chrome/86.0.4240.198 Safari/537.36"
::1 - - [19/Nov/2020:03:42:48 +0000] "GET /frm_signUp.html HTTP/1.1" 404 154 "-" "Mozilla/5.0 (Windows NT 10.0; Win64; x64) AppleWebKit/537.36 (KHTML, like Gecko) Chrome/86.0.4240.198 Safari/537.36"
::1 - - [19/Nov/2020:03:42:48 +0000] "GET /frm_signUp.html HTTP/1.1" 404 154 "-" "Mozilla/5.0 (Windows NT 10.0; Win64; x64) AppleWebKit/537.36 (KHTML, like Gecko) Chrome/86.0.4240.198 Safari/537.36"
::1 - - [19/Nov/2020:03:42:49 +0000] "GET /frm_signUp.html HTTP/1.1" 404 154 "-" "Mozilla/5.0 (Windows NT 10.0; Win64; x64) AppleWebKit/537.36 (KHTML, like Gecko) Chrome/86.0.4240.198 Safari/537.36"
::1 - - [19/Nov/2020:03:43:22 +0000] "GET /css/frm_signUp.css HTTP/1.1" 404 157 "http://localhost:3000/frm_signUp.html" "Mozilla/5.0 (Windows NT 10.0; Win64; x64) AppleWebKit/537.36 (KHTML, like Gecko) Chrome/86.0.4240.198 Safari/537.36"
::1 - - [19/Nov/2020:03:43:22 +0000] "GET /js/register.js HTTP/1.1" 404 155 "http://localhost:3000/frm_signUp.html" "Mozilla/5.0 (Windows NT 10.0; Win64; x64) AppleWebKit/537.36 (KHTML, like Gecko) Chrome/86.0.4240.198 Safari/537.36"
::1 - - [19/Nov/2020:03:43:22 +0000] "GET /img/signUp/bg_img.png HTTP/1.1" 404 160 "http://localhost:3000/frm_signUp.html" "Mozilla/5.0 (Windows NT 10.0; Win64; x64) AppleWebKit/537.36 (KHTML, like Gecko) Chrome/86.0.4240.198 Safari/537.36"
::1 - - [19/Nov/2020:03:43:22 +0000] "GET /img/signUp/sideForm_img.png HTTP/1.1" 404 166 "http://localhost:3000/frm_signUp.html" "Mozilla/5.0 (Windows NT 10.0; Win64; x64) AppleWebKit/537.36 (KHTML, like Gecko) Chrome/86.0.4240.198 Safari/537.36"
::1 - - [19/Nov/2020:03:43:22 +0000] "GET /js/register.js HTTP/1.1" 404 155 "http://localhost:3000/frm_signUp.html" "Mozilla/5.0 (Windows NT 10.0; Win64; x64) AppleWebKit/537.36 (KHTML, like Gecko) Chrome/86.0.4240.198 Safari/537.36"
::1 - - [19/Nov/2020:03:43:22 +0000] "GET /img/signUp/Logo.png HTTP/1.1" 404 158 "http://localhost:3000/frm_signUp.html" "Mozilla/5.0 (Windows NT 10.0; Win64; x64) AppleWebKit/537.36 (KHTML, like Gecko) Chrome/86.0.4240.198 Safari/537.36"
::1 - - [19/Nov/2020:03:44:34 +0000] "GET /css/frm_signUp.css HTTP/1.1" 404 157 "http://localhost:3000/frm_signUp.html" "Mozilla/5.0 (Windows NT 10.0; Win64; x64) AppleWebKit/537.36 (KHTML, like Gecko) Chrome/86.0.4240.198 Safari/537.36"
::1 - - [19/Nov/2020:03:44:34 +0000] "GET /js/register.js HTTP/1.1" 404 155 "http://localhost:3000/frm_signUp.html" "Mozilla/5.0 (Windows NT 10.0; Win64; x64) AppleWebKit/537.36 (KHTML, like Gecko) Chrome/86.0.4240.198 Safari/537.36"
::1 - - [19/Nov/2020:03:44:34 +0000] "GET /img/signUp/bg_img.png HTTP/1.1" 404 160 "http://localhost:3000/frm_signUp.html" "Mozilla/5.0 (Windows NT 10.0; Win64; x64) AppleWebKit/537.36 (KHTML, like Gecko) Chrome/86.0.4240.198 Safari/537.36"
::1 - - [19/Nov/2020:03:44:34 +0000] "GET /img/signUp/sideForm_img.png HTTP/1.1" 404 166 "http://localhost:3000/frm_signUp.html" "Mozilla/5.0 (Windows NT 10.0; Win64; x64) AppleWebKit/537.36 (KHTML, like Gecko) Chrome/86.0.4240.198 Safari/537.36"
::1 - - [19/Nov/2020:03:44:34 +0000] "GET /js/register.js HTTP/1.1" 404 155 "http://localhost:3000/frm_signUp.html" "Mozilla/5.0 (Windows NT 10.0; Win64; x64) AppleWebKit/537.36 (KHTML, like Gecko) Chrome/86.0.4240.198 Safari/537.36"
::1 - - [19/Nov/2020:03:44:34 +0000] "GET /img/signUp/Logo.png HTTP/1.1" 404 158 "http://localhost:3000/frm_signUp.html" "Mozilla/5.0 (Windows NT 10.0; Win64; x64) AppleWebKit/537.36 (KHTML, like Gecko) Chrome/86.0.4240.198 Safari/537.36"
::1 - - [19/Nov/2020:04:18:07 +0000] "GET /addUser?email=madclon%40gmail.com&up=12345&up2=12345 HTTP/1.1" 404 146 "http://localhost:3000/frm_signUp.html?email=madclon%40gmail.com&up=12345&up2=12345" "Mozilla/5.0 (Windows NT 10.0; Win64; x64) AppleWebKit/537.36 (KHTML, like Gecko) Chrome/86.0.4240.198 Safari/537.36"
::1 - - [19/Nov/2020:04:18:46 +0000] "GET /addUser?email=madclon%40gmail.com&up=12345&up2=12345 HTTP/1.1" 404 146 "http://localhost:3000/frm_signUp.html?email=madclon%40gmail.com&up=12345&up2=12345" "Mozilla/5.0 (Windows NT 10.0; Win64; x64) AppleWebKit/537.36 (KHTML, like Gecko) Chrome/86.0.4240.198 Safari/537.36"
::1 - - [19/Nov/2020:04:18:53 +0000] "GET /addUser?email=madclon%40gmail.com&up=12345&up2=12345 HTTP/1.1" 404 146 "http://localhost:3000/frm_signUp.html?email=madclon%40gmail.com&up=12345&up2=12345" "Mozilla/5.0 (Windows NT 10.0; Win64; x64) AppleWebKit/537.36 (KHTML, like Gecko) Chrome/86.0.4240.198 Safari/537.36"
::1 - - [19/Nov/2020:04:18:55 +0000] "GET /addUser?email=madclon%40gmail.com&up=12345&up2=12345 HTTP/1.1" 404 146 "http://localhost:3000/frm_signUp.html?email=madclon%40gmail.com&up=12345&up2=12345" "Mozilla/5.0 (Windows NT 10.0; Win64; x64) AppleWebKit/537.36 (KHTML, like Gecko) Chrome/86.0.4240.198 Safari/537.36"
::1 - - [19/Nov/2020:04:19:01 +0000] "GET /addUser?email=madclon%40gmail.com&up=12345&up2=12345 HTTP/1.1" 404 146 "http://localhost:3000/frm_signUp.html?email=madclon%40gmail.com&up=12345&up2=12345" "Mozilla/5.0 (Windows NT 10.0; Win64; x64) AppleWebKit/537.36 (KHTML, like Gecko) Chrome/86.0.4240.198 Safari/537.36"
::1 - - [19/Nov/2020:04:19:07 +0000] "GET /addUser?email=madclon%40gmail.com&up=12345&up2=12345 HTTP/1.1" 404 146 "http://localhost:3000/frm_signUp.html?email=madclon%40gmail.com&up=12345&up2=12345" "Mozilla/5.0 (Windows NT 10.0; Win64; x64) AppleWebKit/537.36 (KHTML, like Gecko) Chrome/86.0.4240.198 Safari/537.36"
::1 - - [19/Nov/2020:04:19:11 +0000] "GET /addUser HTTP/1.1" 404 146 "-" "Mozilla/5.0 (Windows NT 10.0; Win64; x64) AppleWebKit/537.36 (KHTML, like Gecko) Chrome/86.0.4240.198 Safari/537.36"
::1 - - [19/Nov/2020:04:19:21 +0000] "GET /addUser HTTP/1.1" 404 146 "-" "Mozilla/5.0 (Windows NT 10.0; Win64; x64) AppleWebKit/537.36 (KHTML, like Gecko) Chrome/86.0.4240.198 Safari/537.36"
::1 - - [19/Nov/2020:04:19:35 +0000] "POST /addUser HTTP/1.1" 404 147 "http://localhost:3000/frm_signUp.html" "Mozilla/5.0 (Windows NT 10.0; Win64; x64) AppleWebKit/537.36 (KHTML, like Gecko) Chrome/86.0.4240.198 Safari/537.36"
::1 - - [19/Nov/2020:05:09:29 +0000] "GET /api/getAllData HTTP/1.1" 200 733 "-" "PostmanRuntime/7.26.8"
::1 - - [19/Nov/2020:05:21:01 +0000] "GET /api/getAllData HTTP/1.1" 200 733 "-" "PostmanRuntime/7.26.8"
::1 - - [19/Nov/2020:16:22:14 +0000] "GET /favicon.ico HTTP/1.1" 404 150 "http://localhost:3000/frm_signUp.html" "Mozilla/5.0 (Windows NT 10.0; Win64; x64) AppleWebKit/537.36 (KHTML, like Gecko) Chrome/86.0.4240.198 Safari/537.36"
::1 - - [19/Nov/2020:16:40:39 +0000] "GET /api/getAllData HTTP/1.1" 200 843 "-" "Mozilla/5.0 (Windows NT 10.0; Win64; x64) AppleWebKit/537.36 (KHTML, like Gecko) Chrome/86.0.4240.198 Safari/537.36"
::1 - - [19/Nov/2020:16:45:50 +0000] "DELETE /api/deleteData HTTP/1.1" 200 48 "-" "Mozilla/5.0 (Windows NT 10.0; Win64; x64) AppleWebKit/537.36 (KHTML, like Gecko) Chrome/86.0.4240.198 Safari/537.36"
::1 - - [19/Nov/2020:16:45:53 +0000] "GET /api/getAllData HTTP/1.1" 200 733 "-" "Mozilla/5.0 (Windows NT 10.0; Win64; x64) AppleWebKit/537.36 (KHTML, like Gecko) Chrome/86.0.4240.198 Safari/537.36"
::1 - - [19/Nov/2020:17:23:57 +0000] "GET /api/getAllData HTTP/1.1" 200 846 "-" "Mozilla/5.0 (Windows NT 10.0; Win64; x64) AppleWebKit/537.36 (KHTML, like Gecko) Chrome/86.0.4240.198 Safari/537.36"
::1 - - [19/Nov/2020:17:31:37 +0000] "GET /api/getAllData HTTP/1.1" 200 - "-" "Mozilla/5.0 (Windows NT 10.0; Win64; x64) AppleWebKit/537.36 (KHTML, like Gecko) Chrome/86.0.4240.198 Safari/537.36"
::1 - - [19/Nov/2020:17:31:47 +0000] "GET /api/getAllData HTTP/1.1" 200 - "-" "Mozilla/5.0 (Windows NT 10.0; Win64; x64) AppleWebKit/537.36 (KHTML, like Gecko) Chrome/86.0.4240.198 Safari/537.36"
::1 - - [19/Nov/2020:17:32:47 +0000] "GET /api/getAllData HTTP/1.1" 200 - "-" "Mozilla/5.0 (Windows NT 10.0; Win64; x64) AppleWebKit/537.36 (KHTML, like Gecko) Chrome/86.0.4240.198 Safari/537.36"
::1 - - [19/Nov/2020:17:32:50 +0000] "GET /api/getAllData HTTP/1.1" 200 - "-" "Mozilla/5.0 (Windows NT 10.0; Win64; x64) AppleWebKit/537.36 (KHTML, like Gecko) Chrome/86.0.4240.198 Safari/537.36"
::1 - - [19/Nov/2020:17:32:51 +0000] "GET /api/getAllData HTTP/1.1" 200 - "-" "Mozilla/5.0 (Windows NT 10.0; Win64; x64) AppleWebKit/537.36 (KHTML, like Gecko) Chrome/86.0.4240.198 Safari/537.36"
::1 - - [19/Nov/2020:17:32:52 +0000] "GET /api/getAllData HTTP/1.1" 200 - "-" "Mozilla/5.0 (Windows NT 10.0; Win64; x64) AppleWebKit/537.36 (KHTML, like Gecko) Chrome/86.0.4240.198 Safari/537.36"
::1 - - [19/Nov/2020:17:33:50 +0000] "GET /api/getAllData HTTP/1.1" 200 846 "-" "Mozilla/5.0 (Windows NT 10.0; Win64; x64) AppleWebKit/537.36 (KHTML, like Gecko) Chrome/86.0.4240.198 Safari/537.36"
::1 - - [19/Nov/2020:17:34:06 +0000] "GET /api/getAllData HTTP/1.1" 200 846 "-" "Mozilla/5.0 (Windows NT 10.0; Win64; x64) AppleWebKit/537.36 (KHTML, like Gecko) Chrome/86.0.4240.198 Safari/537.36"
::1 - - [19/Nov/2020:17:34:58 +0000] "GET /api/getAllData HTTP/1.1" 200 846 "-" "Mozilla/5.0 (Windows NT 10.0; Win64; x64) AppleWebKit/537.36 (KHTML, like Gecko) Chrome/86.0.4240.198 Safari/537.36"
::1 - - [19/Nov/2020:17:37:11 +0000] "GET /api/getAllData HTTP/1.1" 200 846 "-" "Mozilla/5.0 (Windows NT 10.0; Win64; x64) AppleWebKit/537.36 (KHTML, like Gecko) Chrome/86.0.4240.198 Safari/537.36"
::1 - - [19/Nov/2020:18:10:34 +0000] "GET /api/getAllData HTTP/1.1" 200 846 "-" "Mozilla/5.0 (Windows NT 10.0; Win64; x64) AppleWebKit/537.36 (KHTML, like Gecko) Chrome/86.0.4240.198 Safari/537.36"
::1 - - [19/Nov/2020:18:15:00 +0000] "GET /api/getUsuario HTTP/1.1" 200 846 "-" "Mozilla/5.0 (Windows NT 10.0; Win64; x64) AppleWebKit/537.36 (KHTML, like Gecko) Chrome/86.0.4240.198 Safari/537.36"
::1 - - [19/Nov/2020:18:15:24 +0000] "GET /api/getVisitante HTTP/1.1" 200 109 "-" "Mozilla/5.0 (Windows NT 10.0; Win64; x64) AppleWebKit/537.36 (KHTML, like Gecko) Chrome/86.0.4240.198 Safari/537.36"
::1 - - [19/Nov/2020:18:16:28 +0000] "DELETE /api/deleteData HTTP/1.1" 404 156 "-" "Mozilla/5.0 (Windows NT 10.0; Win64; x64) AppleWebKit/537.36 (KHTML, like Gecko) Chrome/86.0.4240.198 Safari/537.36"
::1 - - [19/Nov/2020:18:16:36 +0000] "DELETE /api/deleteUsuario HTTP/1.1" 200 48 "-" "Mozilla/5.0 (Windows NT 10.0; Win64; x64) AppleWebKit/537.36 (KHTML, like Gecko) Chrome/86.0.4240.198 Safari/537.36"
::1 - - [19/Nov/2020:18:16:45 +0000] "GET /api/getUsuario HTTP/1.1" 200 733 "-" "Mozilla/5.0 (Windows NT 10.0; Win64; x64) AppleWebKit/537.36 (KHTML, like Gecko) Chrome/86.0.4240.198 Safari/537.36"
::1 - - [19/Nov/2020:18:19:58 +0000] "GET /api/getUsuario HTTP/1.1" 200 846 "-" "Mozilla/5.0 (Windows NT 10.0; Win64; x64) AppleWebKit/537.36 (KHTML, like Gecko) Chrome/86.0.4240.198 Safari/537.36"
::1 - - [19/Nov/2020:18:20:03 +0000] "GET /api/getVisitante HTTP/1.1" 200 211 "-" "Mozilla/5.0 (Windows NT 10.0; Win64; x64) AppleWebKit/537.36 (KHTML, like Gecko) Chrome/86.0.4240.198 Safari/537.36"
::1 - - [20/Nov/2020:16:08:58 +0000] "GET /favicon.ico HTTP/1.1" 404 150 "http://localhost:3000/frm_signUp.html" "Mozilla/5.0 (Windows NT 10.0; Win64; x64) AppleWebKit/537.36 (KHTML, like Gecko) Chrome/86.0.4240.198 Safari/537.36"
::1 - - [20/Nov/2020:16:55:26 +0000] "GET / HTTP/1.1" 404 139 "-" "Mozilla/5.0 (Windows NT 10.0; Win64; x64) AppleWebKit/537.36 (KHTML, like Gecko) Chrome/86.0.4240.198 Safari/537.36"
::1 - - [20/Nov/2020:16:57:07 +0000] "GET / HTTP/1.1" 404 139 "-" "Mozilla/5.0 (Windows NT 10.0; Win64; x64) AppleWebKit/537.36 (KHTML, like Gecko) Chrome/86.0.4240.198 Safari/537.36"
::1 - - [20/Nov/2020:16:57:14 +0000] "GET / HTTP/1.1" 404 139 "-" "Mozilla/5.0 (Windows NT 10.0; Win64; x64) AppleWebKit/537.36 (KHTML, like Gecko) Chrome/86.0.4240.198 Safari/537.36"
::1 - - [20/Nov/2020:16:57:47 +0000] "GET / HTTP/1.1" 404 139 "-" "Mozilla/5.0 (Windows NT 10.0; Win64; x64) AppleWebKit/537.36 (KHTML, like Gecko) Chrome/86.0.4240.198 Safari/537.36"
::1 - - [20/Nov/2020:16:57:49 +0000] "GET / HTTP/1.1" 404 139 "-" "Mozilla/5.0 (Windows NT 10.0; Win64; x64) AppleWebKit/537.36 (KHTML, like Gecko) Chrome/86.0.4240.198 Safari/537.36"
::1 - - [20/Nov/2020:16:57:51 +0000] "GET / HTTP/1.1" 404 139 "-" "Mozilla/5.0 (Windows NT 10.0; Win64; x64) AppleWebKit/537.36 (KHTML, like Gecko) Chrome/86.0.4240.198 Safari/537.36"
::1 - - [20/Nov/2020:16:57:51 +0000] "GET / HTTP/1.1" 404 139 "-" "Mozilla/5.0 (Windows NT 10.0; Win64; x64) AppleWebKit/537.36 (KHTML, like Gecko) Chrome/86.0.4240.198 Safari/537.36"
::1 - - [20/Nov/2020:16:57:52 +0000] "GET / HTTP/1.1" 404 139 "-" "Mozilla/5.0 (Windows NT 10.0; Win64; x64) AppleWebKit/537.36 (KHTML, like Gecko) Chrome/86.0.4240.198 Safari/537.36"
::1 - - [20/Nov/2020:16:57:52 +0000] "GET / HTTP/1.1" 404 139 "-" "Mozilla/5.0 (Windows NT 10.0; Win64; x64) AppleWebKit/537.36 (KHTML, like Gecko) Chrome/86.0.4240.198 Safari/537.36"
::1 - - [20/Nov/2020:16:57:52 +0000] "GET / HTTP/1.1" 404 139 "-" "Mozilla/5.0 (Windows NT 10.0; Win64; x64) AppleWebKit/537.36 (KHTML, like Gecko) Chrome/86.0.4240.198 Safari/537.36"
::1 - - [20/Nov/2020:17:59:01 +0000] "GET / HTTP/1.1" 404 139 "-" "Mozilla/5.0 (Windows NT 10.0; Win64; x64) AppleWebKit/537.36 (KHTML, like Gecko) Chrome/86.0.4240.198 Safari/537.36"
::1 - - [20/Nov/2020:17:59:02 +0000] "GET / HTTP/1.1" 404 139 "-" "Mozilla/5.0 (Windows NT 10.0; Win64; x64) AppleWebKit/537.36 (KHTML, like Gecko) Chrome/86.0.4240.198 Safari/537.36"
::1 - - [20/Nov/2020:18:45:00 +0000] "GET /js/frm_signUp.js HTTP/1.1" 404 155 "http://localhost:3000/register" "Mozilla/5.0 (Windows NT 10.0; Win64; x64) AppleWebKit/537.36 (KHTML, like Gecko) Chrome/86.0.4240.198 Safari/537.36"
::1 - - [20/Nov/2020:18:45:00 +0000] "GET /js/frm_signUp.js HTTP/1.1" 404 155 "http://localhost:3000/register" "Mozilla/5.0 (Windows NT 10.0; Win64; x64) AppleWebKit/537.36 (KHTML, like Gecko) Chrome/86.0.4240.198 Safari/537.36"
::1 - - [20/Nov/2020:18:45:04 +0000] "GET / HTTP/1.1" 404 139 "-" "Mozilla/5.0 (Windows NT 10.0; Win64; x64) AppleWebKit/537.36 (KHTML, like Gecko) Chrome/86.0.4240.198 Safari/537.36"
::1 - - [20/Nov/2020:19:07:42 +0000] "GET / HTTP/1.1" 404 139 "-" "Mozilla/5.0 (Windows NT 10.0; Win64; x64) AppleWebKit/537.36 (KHTML, like Gecko) Chrome/86.0.4240.198 Safari/537.36"
::1 - - [20/Nov/2020:19:07:43 +0000] "GET / HTTP/1.1" 404 139 "-" "Mozilla/5.0 (Windows NT 10.0; Win64; x64) AppleWebKit/537.36 (KHTML, like Gecko) Chrome/86.0.4240.198 Safari/537.36"
::1 - - [21/Nov/2020:02:00:28 +0000] "GET /stylesheets/style.css HTTP/1.1" 404 160 "http://localhost:3000/register" "Mozilla/5.0 (Windows NT 10.0; Win64; x64) AppleWebKit/537.36 (KHTML, like Gecko) Chrome/86.0.4240.198 Safari/537.36"
::1 - - [21/Nov/2020:02:00:28 +0000] "GET /javascripts/script.js HTTP/1.1" 404 160 "http://localhost:3000/register" "Mozilla/5.0 (Windows NT 10.0; Win64; x64) AppleWebKit/537.36 (KHTML, like Gecko) Chrome/86.0.4240.198 Safari/537.36"
::1 - - [21/Nov/2020:02:00:28 +0000] "GET /images/sideForm_img.png HTTP/1.1" 404 162 "http://localhost:3000/register" "Mozilla/5.0 (Windows NT 10.0; Win64; x64) AppleWebKit/537.36 (KHTML, like Gecko) Chrome/86.0.4240.198 Safari/537.36"
::1 - - [21/Nov/2020:02:00:28 +0000] "GET /images/bg_img.png HTTP/1.1" 404 156 "http://localhost:3000/register" "Mozilla/5.0 (Windows NT 10.0; Win64; x64) AppleWebKit/537.36 (KHTML, like Gecko) Chrome/86.0.4240.198 Safari/537.36"
::1 - - [21/Nov/2020:02:00:28 +0000] "GET /images/Logo.png HTTP/1.1" 404 154 "http://localhost:3000/register" "Mozilla/5.0 (Windows NT 10.0; Win64; x64) AppleWebKit/537.36 (KHTML, like Gecko) Chrome/86.0.4240.198 Safari/537.36"
::1 - - [21/Nov/2020:02:00:28 +0000] "GET /javascripts/script.js HTTP/1.1" 404 160 "http://localhost:3000/register" "Mozilla/5.0 (Windows NT 10.0; Win64; x64) AppleWebKit/537.36 (KHTML, like Gecko) Chrome/86.0.4240.198 Safari/537.36"
::1 - - [23/Nov/2020:21:46:17 +0000] "GET / HTTP/1.1" 404 139 "-" "Mozilla/5.0 (Windows NT 10.0; Win64; x64) AppleWebKit/537.36 (KHTML, like Gecko) Chrome/87.0.4280.67 Safari/537.36"
::1 - - [23/Nov/2020:21:46:25 +0000] "GET /favicon.ico HTTP/1.1" 404 150 "http://localhost:3000/register" "Mozilla/5.0 (Windows NT 10.0; Win64; x64) AppleWebKit/537.36 (KHTML, like Gecko) Chrome/87.0.4280.67 Safari/537.36"
::1 - - [23/Nov/2020:23:06:27 +0000] "GET /css/frm_signUp.css HTTP/1.1" 404 157 "http://localhost:3000/register" "Mozilla/5.0 (Windows NT 10.0; Win64; x64) AppleWebKit/537.36 (KHTML, like Gecko) Chrome/87.0.4280.67 Safari/537.36"
::1 - - [23/Nov/2020:23:06:27 +0000] "GET /img/signUp/bg_img.png HTTP/1.1" 404 160 "http://localhost:3000/register" "Mozilla/5.0 (Windows NT 10.0; Win64; x64) AppleWebKit/537.36 (KHTML, like Gecko) Chrome/87.0.4280.67 Safari/537.36"
::1 - - [23/Nov/2020:23:06:27 +0000] "GET /img/signUp/sideForm_img.png HTTP/1.1" 404 166 "http://localhost:3000/register" "Mozilla/5.0 (Windows NT 10.0; Win64; x64) AppleWebKit/537.36 (KHTML, like Gecko) Chrome/87.0.4280.67 Safari/537.36"
::1 - - [23/Nov/2020:23:06:27 +0000] "GET /img/signUp/Logo.png HTTP/1.1" 404 158 "http://localhost:3000/register" "Mozilla/5.0 (Windows NT 10.0; Win64; x64) AppleWebKit/537.36 (KHTML, like Gecko) Chrome/87.0.4280.67 Safari/537.36"
::1 - - [24/Nov/2020:23:55:43 +0000] "GET /favicon.ico HTTP/1.1" 404 150 "http://localhost:3000/" "Mozilla/5.0 (Windows NT 10.0; Win64; x64) AppleWebKit/537.36 (KHTML, like Gecko) Chrome/87.0.4280.67 Safari/537.36"
::1 - - [25/Nov/2020:01:00:53 +0000] "GET /index.css HTTP/1.1" 404 148 "http://localhost:3000/" "Mozilla/5.0 (Windows NT 10.0; Win64; x64) AppleWebKit/537.36 (KHTML, like Gecko) Chrome/87.0.4280.67 Safari/537.36"
::1 - - [25/Nov/2020:01:01:03 +0000] "GET /index.css HTTP/1.1" 404 148 "http://localhost:3000/" "Mozilla/5.0 (Windows NT 10.0; Win64; x64) AppleWebKit/537.36 (KHTML, like Gecko) Chrome/87.0.4280.67 Safari/537.36"
::1 - - [25/Nov/2020:01:02:52 +0000] "GET /index.css HTTP/1.1" 404 148 "http://localhost:3000/" "Mozilla/5.0 (Windows NT 10.0; Win64; x64) AppleWebKit/537.36 (KHTML, like Gecko) Chrome/87.0.4280.67 Safari/537.36"
::1 - - [25/Nov/2020:01:02:57 +0000] "GET /index.css HTTP/1.1" 404 148 "http://localhost:3000/" "Mozilla/5.0 (Windows NT 10.0; Win64; x64) AppleWebKit/537.36 (KHTML, like Gecko) Chrome/87.0.4280.67 Safari/537.36"
::1 - - [25/Nov/2020:01:03:51 +0000] "GET /index.css HTTP/1.1" 404 148 "http://localhost:3000/" "Mozilla/5.0 (Windows NT 10.0; Win64; x64) AppleWebKit/537.36 (KHTML, like Gecko) Chrome/87.0.4280.67 Safari/537.36"
::1 - - [25/Nov/2020:01:19:12 +0000] "GET /ID7859435030_d68388ec04_b.png HTTP/1.1" 404 168 "http://localhost:3000/login" "Mozilla/5.0 (Windows NT 10.0; Win64; x64) AppleWebKit/537.36 (KHTML, like Gecko) Chrome/87.0.4280.67 Safari/537.36"
::1 - - [25/Nov/2020:01:19:12 +0000] "GET /Logo.png HTTP/1.1" 404 147 "http://localhost:3000/login" "Mozilla/5.0 (Windows NT 10.0; Win64; x64) AppleWebKit/537.36 (KHTML, like Gecko) Chrome/87.0.4280.67 Safari/537.36"
::1 - - [25/Nov/2020:01:19:57 +0000] "GET /ID7859435030_d68388ec04_b.png HTTP/1.1" 404 168 "http://localhost:3000/login" "Mozilla/5.0 (Windows NT 10.0; Win64; x64) AppleWebKit/537.36 (KHTML, like Gecko) Chrome/87.0.4280.67 Safari/537.36"
::1 - - [25/Nov/2020:01:19:57 +0000] "GET /Logo.png HTTP/1.1" 404 147 "http://localhost:3000/login" "Mozilla/5.0 (Windows NT 10.0; Win64; x64) AppleWebKit/537.36 (KHTML, like Gecko) Chrome/87.0.4280.67 Safari/537.36"
::1 - - [25/Nov/2020:01:19:59 +0000] "GET /Logo.png HTTP/1.1" 404 147 "http://localhost:3000/login" "Mozilla/5.0 (Windows NT 10.0; Win64; x64) AppleWebKit/537.36 (KHTML, like Gecko) Chrome/87.0.4280.67 Safari/537.36"
::1 - - [25/Nov/2020:01:20:10 +0000] "GET /img/login/Logo.png HTTP/1.1" 404 157 "http://localhost:3000/login" "Mozilla/5.0 (Windows NT 10.0; Win64; x64) AppleWebKit/537.36 (KHTML, like Gecko) Chrome/87.0.4280.67 Safari/537.36"
::1 - - [25/Nov/2020:01:20:10 +0000] "GET /img/login/Logo.png HTTP/1.1" 404 157 "http://localhost:3000/login" "Mozilla/5.0 (Windows NT 10.0; Win64; x64) AppleWebKit/537.36 (KHTML, like Gecko) Chrome/87.0.4280.67 Safari/537.36"
::1 - - [25/Nov/2020:01:20:11 +0000] "GET /img/login/Logo.png HTTP/1.1" 404 157 "http://localhost:3000/login" "Mozilla/5.0 (Windows NT 10.0; Win64; x64) AppleWebKit/537.36 (KHTML, like Gecko) Chrome/87.0.4280.67 Safari/537.36"
::1 - - [25/Nov/2020:01:20:11 +0000] "GET /img/login/Logo.png HTTP/1.1" 404 157 "http://localhost:3000/login" "Mozilla/5.0 (Windows NT 10.0; Win64; x64) AppleWebKit/537.36 (KHTML, like Gecko) Chrome/87.0.4280.67 Safari/537.36"
::1 - - [25/Nov/2020:03:23:40 +0000] "GET /img/login/bg_img.png HTTP/1.1" 404 159 "http://localhost:3000/login" "Mozilla/5.0 (Windows NT 10.0; Win64; x64) AppleWebKit/537.36 (KHTML, like Gecko) Chrome/87.0.4280.67 Safari/537.36"
::1 - - [25/Nov/2020:03:23:40 +0000] "GET /img/login/sideForm_img.png HTTP/1.1" 404 165 "http://localhost:3000/login" "Mozilla/5.0 (Windows NT 10.0; Win64; x64) AppleWebKit/537.36 (KHTML, like Gecko) Chrome/87.0.4280.67 Safari/537.36"
::1 - - [25/Nov/2020:03:23:41 +0000] "GET /img/login/bg_img.png HTTP/1.1" 404 159 "http://localhost:3000/login" "Mozilla/5.0 (Windows NT 10.0; Win64; x64) AppleWebKit/537.36 (KHTML, like Gecko) Chrome/87.0.4280.67 Safari/537.36"
::1 - - [25/Nov/2020:03:23:41 +0000] "GET /img/login/sideForm_img.png HTTP/1.1" 404 165 "http://localhost:3000/login" "Mozilla/5.0 (Windows NT 10.0; Win64; x64) AppleWebKit/537.36 (KHTML, like Gecko) Chrome/87.0.4280.67 Safari/537.36"
::1 - - [25/Nov/2020:17:42:19 +0000] "GET /favicon.ico HTTP/1.1" 404 150 "http://localhost:3000/register" "Mozilla/5.0 (Windows NT 10.0; Win64; x64) AppleWebKit/537.36 (KHTML, like Gecko) Chrome/87.0.4280.67 Safari/537.36"
::1 - - [25/Nov/2020:18:40:52 +0000] "GET /successReg.ejs HTTP/1.1" 404 153 "http://localhost:3000/register" "Mozilla/5.0 (Windows NT 10.0; Win64; x64) AppleWebKit/537.36 (KHTML, like Gecko) Chrome/87.0.4280.67 Safari/537.36"
::1 - - [25/Nov/2020:18:41:00 +0000] "GET /successReg.ejs HTTP/1.1" 404 153 "http://localhost:3000/register" "Mozilla/5.0 (Windows NT 10.0; Win64; x64) AppleWebKit/537.36 (KHTML, like Gecko) Chrome/87.0.4280.67 Safari/537.36"
::1 - - [26/Nov/2020:03:41:51 +0000] "GET /admin.js HTTP/1.1" 404 147 "http://localhost:3000/admin" "Mozilla/5.0 (Windows NT 10.0; Win64; x64) AppleWebKit/537.36 (KHTML, like Gecko) Chrome/87.0.4280.67 Safari/537.36"
::1 - - [26/Nov/2020:03:41:51 +0000] "GET /img/admin/bg_img.png HTTP/1.1" 404 159 "http://localhost:3000/admin" "Mozilla/5.0 (Windows NT 10.0; Win64; x64) AppleWebKit/537.36 (KHTML, like Gecko) Chrome/87.0.4280.67 Safari/537.36"
::1 - - [26/Nov/2020:03:41:51 +0000] "GET /img/admin/sideForm_img.png HTTP/1.1" 404 165 "http://localhost:3000/admin" "Mozilla/5.0 (Windows NT 10.0; Win64; x64) AppleWebKit/537.36 (KHTML, like Gecko) Chrome/87.0.4280.67 Safari/537.36"
::1 - - [26/Nov/2020:03:41:51 +0000] "GET /img/admin/Logo.png HTTP/1.1" 404 157 "http://localhost:3000/admin" "Mozilla/5.0 (Windows NT 10.0; Win64; x64) AppleWebKit/537.36 (KHTML, like Gecko) Chrome/87.0.4280.67 Safari/537.36"
::1 - - [26/Nov/2020:03:41:51 +0000] "GET /admin.js HTTP/1.1" 404 147 "http://localhost:3000/admin" "Mozilla/5.0 (Windows NT 10.0; Win64; x64) AppleWebKit/537.36 (KHTML, like Gecko) Chrome/87.0.4280.67 Safari/537.36"
::1 - - [26/Nov/2020:04:00:39 +0000] "GET /css/admin.css HTTP/1.1" 404 152 "http://localhost:3000/admin" "Mozilla/5.0 (Windows NT 10.0; Win64; x64) AppleWebKit/537.36 (KHTML, like Gecko) Chrome/87.0.4280.67 Safari/537.36"
::1 - - [26/Nov/2020:04:00:39 +0000] "GET /admin.js HTTP/1.1" 404 147 "http://localhost:3000/admin" "Mozilla/5.0 (Windows NT 10.0; Win64; x64) AppleWebKit/537.36 (KHTML, like Gecko) Chrome/87.0.4280.67 Safari/537.36"
::1 - - [26/Nov/2020:04:00:39 +0000] "GET /img/admin/bg_img.png HTTP/1.1" 404 159 "http://localhost:3000/admin" "Mozilla/5.0 (Windows NT 10.0; Win64; x64) AppleWebKit/537.36 (KHTML, like Gecko) Chrome/87.0.4280.67 Safari/537.36"
::1 - - [26/Nov/2020:04:00:39 +0000] "GET /img/admin/sideForm_img.png HTTP/1.1" 404 165 "http://localhost:3000/admin" "Mozilla/5.0 (Windows NT 10.0; Win64; x64) AppleWebKit/537.36 (KHTML, like Gecko) Chrome/87.0.4280.67 Safari/537.36"
::1 - - [26/Nov/2020:04:00:39 +0000] "GET /admin.js HTTP/1.1" 404 147 "http://localhost:3000/admin" "Mozilla/5.0 (Windows NT 10.0; Win64; x64) AppleWebKit/537.36 (KHTML, like Gecko) Chrome/87.0.4280.67 Safari/537.36"
::1 - - [26/Nov/2020:04:00:39 +0000] "GET /img/admin/Logo.png HTTP/1.1" 404 157 "http://localhost:3000/admin" "Mozilla/5.0 (Windows NT 10.0; Win64; x64) AppleWebKit/537.36 (KHTML, like Gecko) Chrome/87.0.4280.67 Safari/537.36"
